<?xml version="1.0" encoding="UTF-8"?>
<robot generator="Robot 5.0.1 (Python 3.10.6 on win32)" generated="20220906 14:00:06.757" rpa="false" schemaversion="3">
<suite id="s1" name="Google0" source="D:\full-stack\Robot-framwork\Robot-framwork\robot-framwork-paun\google0.robot">
<test id="s1-t1" name="ทดสอบการค้นหา google ด้วย robot" line="8">
<kw name="Open Browser" library="SeleniumLibrary">
<arg>url=https://www.google.com/</arg>
<arg>browser=googlechrome</arg>
<doc>Opens a new browser instance to the optional ``url``.</doc>
<msg timestamp="20220906 14:00:07.967" level="INFO">Opening browser 'googlechrome' to base url 'https://www.google.com/'.</msg>
<status status="PASS" starttime="20220906 14:00:07.966" endtime="20220906 14:00:13.096"/>
</kw>
<kw name="Input Text" library="SeleniumLibrary">
<arg>name=q</arg>
<arg>text=robot</arg>
<doc>Types the given ``text`` into the text field identified by ``locator``.</doc>
<msg timestamp="20220906 14:00:13.098" level="INFO">Typing text 'robot' into text field 'name=q'.</msg>
<status status="PASS" starttime="20220906 14:00:13.097" endtime="20220906 14:00:13.289"/>
</kw>
<kw name="Press Keys" library="SeleniumLibrary">
<arg>name=q</arg>
<arg>RETURN</arg>
<doc>Simulates the user pressing key(s) to an element or on the active browser.</doc>
<msg timestamp="20220906 14:00:13.292" level="INFO">Sending key(s) ('RETURN',) to name=q element.</msg>
<msg timestamp="20220906 14:00:13.724" level="INFO">Pressing special key RETURN to element.</msg>
<msg timestamp="20220906 14:00:13.724" level="INFO">Releasing special key RETURN.</msg>
<status status="PASS" starttime="20220906 14:00:13.291" endtime="20220906 14:00:15.801"/>
</kw>
<kw name="Get Text" library="SeleniumLibrary">
<var>${result}</var>
<arg>id=result-stats</arg>
<doc>Returns the text value of the element identified by ``locator``.</doc>
<msg timestamp="20220906 14:00:15.844" level="INFO">${result} = ผลการค้นหาประมาณ 1,580,000,000 รายการ (0.37 วินาที) </msg>
<status status="PASS" starttime="20220906 14:00:15.801" endtime="20220906 14:00:15.844"/>
</kw>
<kw name="Split String" library="String">
<var>@{words}</var>
<arg>${result}</arg>
<arg>${SPACE}</arg>
<doc>Splits the ``string`` using ``separator`` as a delimiter string.</doc>
<msg timestamp="20220906 14:00:15.847" level="INFO">@{words} = [ ผลการค้นหาประมาณ | 1,580,000,000 | รายการ | (0.37 | วินาที) |  ]</msg>
<status status="PASS" starttime="20220906 14:00:15.846" endtime="20220906 14:00:15.847"/>
</kw>
<kw name="Log To Console" library="BuiltIn">
<arg>${words}[1]</arg>
<doc>Logs the given message to the console.</doc>
<status status="PASS" starttime="20220906 14:00:15.849" endtime="20220906 14:00:15.850"/>
</kw>
<kw name="Log" library="BuiltIn">
<arg>${words}[0]</arg>
<doc>Logs the given message with the given level.</doc>
<msg timestamp="20220906 14:00:15.851" level="INFO">ผลการค้นหาประมาณ</msg>
<status status="PASS" starttime="20220906 14:00:15.851" endtime="20220906 14:00:15.852"/>
</kw>
<kw name="Log" library="BuiltIn">
<arg>${words}[1]</arg>
<doc>Logs the given message with the given level.</doc>
<msg timestamp="20220906 14:00:15.853" level="INFO">1,580,000,000</msg>
<status status="PASS" starttime="20220906 14:00:15.852" endtime="20220906 14:00:15.853"/>
</kw>
<kw name="Log" library="BuiltIn">
<arg>${words}[2]</arg>
<doc>Logs the given message with the given level.</doc>
<msg timestamp="20220906 14:00:15.854" level="INFO">รายการ</msg>
<status status="PASS" starttime="20220906 14:00:15.853" endtime="20220906 14:00:15.854"/>
</kw>
<kw name="Log" library="BuiltIn">
<arg>${words}[3]</arg>
<doc>Logs the given message with the given level.</doc>
<msg timestamp="20220906 14:00:15.855" level="INFO">(0.37</msg>
<status status="PASS" starttime="20220906 14:00:15.855" endtime="20220906 14:00:15.855"/>
</kw>
<kw name="Log" library="BuiltIn">
<arg>${words}[4]</arg>
<doc>Logs the given message with the given level.</doc>
<msg timestamp="20220906 14:00:15.858" level="INFO">วินาที)</msg>
<status status="PASS" starttime="20220906 14:00:15.856" endtime="20220906 14:00:15.858"/>
</kw>
<kw name="Should Be Equal" library="BuiltIn">
<arg>${words}[1]</arg>
<arg>${words}[1]</arg>
<doc>Fails if the given objects are unequal.</doc>
<status status="PASS" starttime="20220906 14:00:15.859" endtime="20220906 14:00:15.860"/>
</kw>
<kw name="Page Should Contain" library="SeleniumLibrary">
<arg>robot</arg>
<doc>Verifies that current page contains ``text``.</doc>
<msg timestamp="20220906 14:00:15.928" level="INFO">Current page contains text 'robot'.</msg>
<status status="PASS" starttime="20220906 14:00:15.860" endtime="20220906 14:00:15.928"/>
</kw>
<status status="PASS" starttime="20220906 14:00:07.959" endtime="20220906 14:00:15.929"/>
</test>
<status status="PASS" starttime="20220906 14:00:06.761" endtime="20220906 14:00:15.931"/>
</suite>
<statistics>
<total>
<stat pass="1" fail="0" skip="0">All Tests</stat>
</total>
<tag>
</tag>
<suite>
<stat pass="1" fail="0" skip="0" id="s1" name="Google0">Google0</stat>
</suite>
</statistics>
<errors>
</errors>
</robot>
