<?xml version="1.0" encoding="UTF-8"?>
<robot generator="Robot 5.0.1 (Python 3.10.6 on win32)" generated="20220908 23:33:51.083" rpa="false" schemaversion="3">
<suite id="s1" name="Ep3" source="D:\full-stack\Robot-framwork\Robot-framwork\robot-framework-doppio\ep3.robot">
<test id="s1-t1" name="TC--001 Verify when input wrong username or password , API should return error" line="6">
<kw name="Create Session" library="RequestsLibrary">
<arg>loginSession</arg>
<arg>http://localhost:8082</arg>
<doc>Create Session: create a HTTP session to a server</doc>
<msg timestamp="20220908 23:33:51.258" level="INFO">Creating Session using : alias=loginSession, url=http://localhost:8082, headers={},                     cookies={}, auth=None, timeout=None, proxies=None, verify=False,                     debug=0 </msg>
<status status="PASS" starttime="20220908 23:33:51.257" endtime="20220908 23:33:51.258"/>
</kw>
<kw name="Create Dictionary" library="BuiltIn">
<var>${request_boby}</var>
<arg>username=doppio</arg>
<arg>password=weBuildBestQasss</arg>
<doc>Creates and returns a dictionary based on the given ``items``.</doc>
<msg timestamp="20220908 23:33:51.259" level="INFO">${request_boby} = {'username': 'doppio', 'password': 'weBuildBestQasss'}</msg>
<status status="PASS" starttime="20220908 23:33:51.259" endtime="20220908 23:33:51.259"/>
</kw>
<kw name="POST On Session" library="RequestsLibrary">
<var>${resp}</var>
<arg>loginSession</arg>
<arg>/login</arg>
<arg>json=${request_boby}</arg>
<arg>expected_status=401</arg>
<doc>Sends a POST request on a previously created HTTP Session.</doc>
<msg timestamp="20220908 23:33:51.273" level="INFO">POST Request : url=http://localhost:8082/login 
 path_url=/login 
 headers={'User-Agent': 'python-requests/2.28.1', 'Accept-Encoding': 'gzip, deflate', 'Accept': '*/*', 'Connection': 'keep-alive', 'Content-Length': '54', 'Content-Type': 'application/json'} 
 body=b'{"username": "doppio", "password": "weBuildBestQasss"}' 
 </msg>
<msg timestamp="20220908 23:33:51.273" level="INFO">POST Response : url=http://localhost:8082/login 
 status=401, reason= 
 headers={'Content-Type': 'application/json', 'Transfer-Encoding': 'chunked', 'Date': 'Thu, 08 Sep 2022 16:33:51 GMT', 'Keep-Alive': 'timeout=60', 'Connection': 'keep-alive'} 
 body={"status":"error","message":"invalid username or password"} 
 </msg>
<msg timestamp="20220908 23:33:51.273" level="INFO">${resp} = &lt;Response [401]&gt;</msg>
<status status="PASS" starttime="20220908 23:33:51.260" endtime="20220908 23:33:51.273"/>
</kw>
<kw name="Should Be Equal" library="BuiltIn">
<arg>${resp.json()['status']}</arg>
<arg>error</arg>
<doc>Fails if the given objects are unequal.</doc>
<status status="PASS" starttime="20220908 23:33:51.274" endtime="20220908 23:33:51.274"/>
</kw>
<kw name="Log To Console" library="BuiltIn">
<arg>${resp.json()['message']}</arg>
<arg>invalid username or password</arg>
<doc>Logs the given message to the console.</doc>
<status status="PASS" starttime="20220908 23:33:51.275" endtime="20220908 23:33:51.275"/>
</kw>
<status status="PASS" starttime="20220908 23:33:51.257" endtime="20220908 23:33:51.276"/>
</test>
<status status="PASS" starttime="20220908 23:33:51.086" endtime="20220908 23:33:51.277"/>
</suite>
<statistics>
<total>
<stat pass="1" fail="0" skip="0">All Tests</stat>
</total>
<tag>
</tag>
<suite>
<stat pass="1" fail="0" skip="0" id="s1" name="Ep3">Ep3</stat>
</suite>
</statistics>
<errors>
</errors>
</robot>
