<?xml version="1.0" encoding="UTF-8"?>
<robot generator="Robot 4.1.2 (Python 3.9.7 on darwin)" generated="20220910 19:28:52.812" rpa="false" schemaversion="2">
<suite id="s1" name="Test Login" source="/Users/ratthanunpongsaiya/Desktop/RobotTraining_20220910_Big/test_login.robot">
<kw name="เปิด หน้า Login" type="SETUP">
<kw name="Open Browser" library="SeleniumLibrary">
<arg>${URL}</arg>
<arg>browser=chrome</arg>
<doc>Opens a new browser instance to the optional ``url``.</doc>
<msg timestamp="20220910 19:28:53.141" level="INFO">Opening browser 'chrome' to base url 'http://the-internet.herokuapp.com/login'.</msg>
<status status="PASS" starttime="20220910 19:28:53.140" endtime="20220910 19:29:17.631"/>
</kw>
<kw name="Maximize Browser Window" library="SeleniumLibrary">
<doc>Maximizes current browser window.</doc>
<status status="PASS" starttime="20220910 19:29:17.632" endtime="20220910 19:29:17.826"/>
</kw>
<kw name="Page Should Contain" library="SeleniumLibrary">
<arg>Login Page</arg>
<doc>Verifies that current page contains ``text``.</doc>
<msg timestamp="20220910 19:29:17.874" level="INFO">Current page contains text 'Login Page'.</msg>
<status status="PASS" starttime="20220910 19:29:17.826" endtime="20220910 19:29:17.875"/>
</kw>
<status status="PASS" starttime="20220910 19:28:53.140" endtime="20220910 19:29:17.875"/>
</kw>
<test id="s1-t1" name="Login with valid username and password">
<kw name="เข้าสู่ระบบ">
<arg>${valid_username}</arg>
<arg>${valid_password}</arg>
<kw name="Wait Until Element Is Visible" library="SeleniumLibrary">
<arg>id=username</arg>
<arg>10s</arg>
<doc>Waits until the element ``locator`` is visible.</doc>
<status status="PASS" starttime="20220910 19:29:17.877" endtime="20220910 19:29:17.931"/>
</kw>
<kw name="Input Text" library="SeleniumLibrary">
<arg>id=username</arg>
<arg>${username}</arg>
<doc>Types the given ``text`` into the text field identified by ``locator``.</doc>
<msg timestamp="20220910 19:29:17.932" level="INFO">Typing text 'tomsmith' into text field 'id=username'.</msg>
<status status="PASS" starttime="20220910 19:29:17.932" endtime="20220910 19:29:18.120"/>
</kw>
<kw name="Input Password" library="SeleniumLibrary">
<arg>name=password</arg>
<arg>${password}</arg>
<doc>Types the given password into the text field identified by ``locator``.</doc>
<msg timestamp="20220910 19:29:18.121" level="INFO">Typing password into text field 'name=password'.</msg>
<msg timestamp="20220910 19:29:18.164" level="INFO">Temporally setting log level to: NONE</msg>
<msg timestamp="20220910 19:29:18.238" level="INFO">Log level changed from NONE to INFO.</msg>
<status status="PASS" starttime="20220910 19:29:18.121" endtime="20220910 19:29:18.238"/>
</kw>
<kw name="Click Button" library="SeleniumLibrary">
<arg>class=radius</arg>
<doc>Clicks the button identified by ``locator``.</doc>
<msg timestamp="20220910 19:29:18.239" level="INFO">Clicking button 'class=radius'.</msg>
<status status="PASS" starttime="20220910 19:29:18.239" endtime="20220910 19:29:19.625"/>
</kw>
<status status="PASS" starttime="20220910 19:29:17.876" endtime="20220910 19:29:19.625"/>
</kw>
<kw name="แจ้งเตือน logged in สำเร็จ">
<kw name="Get Text" library="SeleniumLibrary">
<var>${alert_message}</var>
<arg>xpath=//*[@class="flash success"]</arg>
<doc>Returns the text value of the element identified by ``locator``.</doc>
<msg timestamp="20220910 19:29:19.728" level="INFO">${alert_message} = You logged into a secure area!
×</msg>
<status status="PASS" starttime="20220910 19:29:19.625" endtime="20220910 19:29:19.728"/>
</kw>
<kw name="Should Be Equal" library="BuiltIn">
<arg>${alert_message}</arg>
<arg>You logged into a secure area! ×</arg>
<arg>collapse_spaces=True</arg>
<doc>Fails if the given objects are unequal.</doc>
<status status="PASS" starttime="20220910 19:29:19.728" endtime="20220910 19:29:19.728"/>
</kw>
<status status="PASS" starttime="20220910 19:29:19.625" endtime="20220910 19:29:19.729"/>
</kw>
<kw name="ออกจากระบบ">
<kw name="Click Element" library="SeleniumLibrary">
<arg>xpath=//*[@class="button secondary radius"]</arg>
<doc>Click the element identified by ``locator``.</doc>
<msg timestamp="20220910 19:29:19.732" level="INFO">Clicking element 'xpath=//*[@class="button secondary radius"]'.</msg>
<status status="PASS" starttime="20220910 19:29:19.731" endtime="20220910 19:29:21.135"/>
</kw>
<status status="PASS" starttime="20220910 19:29:19.729" endtime="20220910 19:29:21.135"/>
</kw>
<kw name="Log" library="BuiltIn" type="TEARDOWN">
<arg>ทดสอบการทำ test teardown แยก</arg>
<doc>Logs the given message with the given level.</doc>
<msg timestamp="20220910 19:29:21.136" level="INFO">ทดสอบการทำ test teardown แยก</msg>
<status status="PASS" starttime="20220910 19:29:21.136" endtime="20220910 19:29:21.136"/>
</kw>
<status status="PASS" starttime="20220910 19:29:17.875" endtime="20220910 19:29:21.136"/>
</test>
<test id="s1-t2" name="Login with valid username and invalid password">
<kw name="เข้าสู่ระบบ">
<arg>${valid_username}</arg>
<arg>${invalid_password}</arg>
<kw name="Wait Until Element Is Visible" library="SeleniumLibrary">
<arg>id=username</arg>
<arg>10s</arg>
<doc>Waits until the element ``locator`` is visible.</doc>
<status status="PASS" starttime="20220910 19:29:21.138" endtime="20220910 19:29:21.175"/>
</kw>
<kw name="Input Text" library="SeleniumLibrary">
<arg>id=username</arg>
<arg>${username}</arg>
<doc>Types the given ``text`` into the text field identified by ``locator``.</doc>
<msg timestamp="20220910 19:29:21.176" level="INFO">Typing text 'tomsmith' into text field 'id=username'.</msg>
<status status="PASS" starttime="20220910 19:29:21.176" endtime="20220910 19:29:21.368"/>
</kw>
<kw name="Input Password" library="SeleniumLibrary">
<arg>name=password</arg>
<arg>${password}</arg>
<doc>Types the given password into the text field identified by ``locator``.</doc>
<msg timestamp="20220910 19:29:21.369" level="INFO">Typing password into text field 'name=password'.</msg>
<msg timestamp="20220910 19:29:21.416" level="INFO">Temporally setting log level to: NONE</msg>
<msg timestamp="20220910 19:29:21.474" level="INFO">Log level changed from NONE to INFO.</msg>
<status status="PASS" starttime="20220910 19:29:21.368" endtime="20220910 19:29:21.474"/>
</kw>
<kw name="Click Button" library="SeleniumLibrary">
<arg>class=radius</arg>
<doc>Clicks the button identified by ``locator``.</doc>
<msg timestamp="20220910 19:29:21.475" level="INFO">Clicking button 'class=radius'.</msg>
<status status="PASS" starttime="20220910 19:29:21.474" endtime="20220910 19:29:22.817"/>
</kw>
<status status="PASS" starttime="20220910 19:29:21.137" endtime="20220910 19:29:22.817"/>
</kw>
<kw name="แจ้งเตือน invalid password">
<kw name="Get Text" library="SeleniumLibrary">
<var>${alert_message}</var>
<arg>xpath=//*[@class="flash error"]</arg>
<doc>Returns the text value of the element identified by ``locator``.</doc>
<msg timestamp="20220910 19:29:22.866" level="INFO">${alert_message} = Your password is invalid!
×</msg>
<status status="PASS" starttime="20220910 19:29:22.818" endtime="20220910 19:29:22.866"/>
</kw>
<kw name="Should Be Equal" library="BuiltIn">
<arg>${alert_message}</arg>
<arg>Your password is invalid! ×</arg>
<arg>collapse_spaces=True</arg>
<doc>Fails if the given objects are unequal.</doc>
<status status="PASS" starttime="20220910 19:29:22.867" endtime="20220910 19:29:22.867"/>
</kw>
<status status="PASS" starttime="20220910 19:29:22.818" endtime="20220910 19:29:22.867"/>
</kw>
<kw name="Reload Page" library="SeleniumLibrary" type="TEARDOWN">
<doc>Simulates user reloading page.</doc>
<status status="PASS" starttime="20220910 19:29:22.868" endtime="20220910 19:29:23.537"/>
</kw>
<status status="PASS" starttime="20220910 19:29:21.136" endtime="20220910 19:29:23.537"/>
</test>
<test id="s1-t3" name="Login with invalid username and valid password">
<kw name="เข้าสู่ระบบ">
<arg>${invalid_username}</arg>
<arg>${valid_password}</arg>
<kw name="Wait Until Element Is Visible" library="SeleniumLibrary">
<arg>id=username</arg>
<arg>10s</arg>
<doc>Waits until the element ``locator`` is visible.</doc>
<status status="PASS" starttime="20220910 19:29:23.539" endtime="20220910 19:29:23.573"/>
</kw>
<kw name="Input Text" library="SeleniumLibrary">
<arg>id=username</arg>
<arg>${username}</arg>
<doc>Types the given ``text`` into the text field identified by ``locator``.</doc>
<msg timestamp="20220910 19:29:23.574" level="INFO">Typing text 'tomholland' into text field 'id=username'.</msg>
<status status="PASS" starttime="20220910 19:29:23.573" endtime="20220910 19:29:23.671"/>
</kw>
<kw name="Input Password" library="SeleniumLibrary">
<arg>name=password</arg>
<arg>${password}</arg>
<doc>Types the given password into the text field identified by ``locator``.</doc>
<msg timestamp="20220910 19:29:23.672" level="INFO">Typing password into text field 'name=password'.</msg>
<msg timestamp="20220910 19:29:23.717" level="INFO">Temporally setting log level to: NONE</msg>
<msg timestamp="20220910 19:29:23.817" level="INFO">Log level changed from NONE to INFO.</msg>
<status status="PASS" starttime="20220910 19:29:23.671" endtime="20220910 19:29:23.817"/>
</kw>
<kw name="Click Button" library="SeleniumLibrary">
<arg>class=radius</arg>
<doc>Clicks the button identified by ``locator``.</doc>
<msg timestamp="20220910 19:29:23.818" level="INFO">Clicking button 'class=radius'.</msg>
<status status="PASS" starttime="20220910 19:29:23.817" endtime="20220910 19:29:25.097"/>
</kw>
<status status="PASS" starttime="20220910 19:29:23.538" endtime="20220910 19:29:25.097"/>
</kw>
<kw name="แจ้งเตือน invalid username">
<kw name="Get Text" library="SeleniumLibrary">
<var>${alert_message}</var>
<arg>xpath=//*[@class="flash error"]</arg>
<doc>Returns the text value of the element identified by ``locator``.</doc>
<msg timestamp="20220910 19:29:25.154" level="INFO">${alert_message} = Your username is invalid!
×</msg>
<status status="PASS" starttime="20220910 19:29:25.098" endtime="20220910 19:29:25.154"/>
</kw>
<kw name="Should Be Equal" library="BuiltIn">
<arg>${alert_message}</arg>
<arg>Your username is invalid! ×</arg>
<arg>collapse_spaces=True</arg>
<doc>Fails if the given objects are unequal.</doc>
<status status="PASS" starttime="20220910 19:29:25.155" endtime="20220910 19:29:25.155"/>
</kw>
<status status="PASS" starttime="20220910 19:29:25.097" endtime="20220910 19:29:25.155"/>
</kw>
<kw name="Reload Page" library="SeleniumLibrary" type="TEARDOWN">
<doc>Simulates user reloading page.</doc>
<status status="PASS" starttime="20220910 19:29:25.156" endtime="20220910 19:29:25.794"/>
</kw>
<status status="PASS" starttime="20220910 19:29:23.537" endtime="20220910 19:29:25.794"/>
</test>
<test id="s1-t4" name="Login with invalid username and password">
<kw name="เข้าสู่ระบบ">
<arg>${invalid_username}</arg>
<arg>${invalid_password}</arg>
<kw name="Wait Until Element Is Visible" library="SeleniumLibrary">
<arg>id=username</arg>
<arg>10s</arg>
<doc>Waits until the element ``locator`` is visible.</doc>
<status status="PASS" starttime="20220910 19:29:25.797" endtime="20220910 19:29:25.841"/>
</kw>
<kw name="Input Text" library="SeleniumLibrary">
<arg>id=username</arg>
<arg>${username}</arg>
<doc>Types the given ``text`` into the text field identified by ``locator``.</doc>
<msg timestamp="20220910 19:29:25.841" level="INFO">Typing text 'tomholland' into text field 'id=username'.</msg>
<status status="PASS" starttime="20220910 19:29:25.841" endtime="20220910 19:29:25.959"/>
</kw>
<kw name="Input Password" library="SeleniumLibrary">
<arg>name=password</arg>
<arg>${password}</arg>
<doc>Types the given password into the text field identified by ``locator``.</doc>
<msg timestamp="20220910 19:29:25.959" level="INFO">Typing password into text field 'name=password'.</msg>
<msg timestamp="20220910 19:29:26.034" level="INFO">Temporally setting log level to: NONE</msg>
<msg timestamp="20220910 19:29:26.111" level="INFO">Log level changed from NONE to INFO.</msg>
<status status="PASS" starttime="20220910 19:29:25.959" endtime="20220910 19:29:26.111"/>
</kw>
<kw name="Click Button" library="SeleniumLibrary">
<arg>class=radius</arg>
<doc>Clicks the button identified by ``locator``.</doc>
<msg timestamp="20220910 19:29:26.112" level="INFO">Clicking button 'class=radius'.</msg>
<status status="PASS" starttime="20220910 19:29:26.112" endtime="20220910 19:29:27.403"/>
</kw>
<status status="PASS" starttime="20220910 19:29:25.796" endtime="20220910 19:29:27.403"/>
</kw>
<kw name="แจ้งเตือน invalid username">
<kw name="Get Text" library="SeleniumLibrary">
<var>${alert_message}</var>
<arg>xpath=//*[@class="flash error"]</arg>
<doc>Returns the text value of the element identified by ``locator``.</doc>
<msg timestamp="20220910 19:29:27.447" level="INFO">${alert_message} = Your username is invalid!
×</msg>
<status status="PASS" starttime="20220910 19:29:27.403" endtime="20220910 19:29:27.447"/>
</kw>
<kw name="Should Be Equal" library="BuiltIn">
<arg>${alert_message}</arg>
<arg>Your username is invalid! ×</arg>
<arg>collapse_spaces=True</arg>
<doc>Fails if the given objects are unequal.</doc>
<status status="PASS" starttime="20220910 19:29:27.447" endtime="20220910 19:29:27.448"/>
</kw>
<status status="PASS" starttime="20220910 19:29:27.403" endtime="20220910 19:29:27.448"/>
</kw>
<kw name="Reload Page" library="SeleniumLibrary" type="TEARDOWN">
<doc>Simulates user reloading page.</doc>
<status status="PASS" starttime="20220910 19:29:27.449" endtime="20220910 19:29:28.077"/>
</kw>
<status status="PASS" starttime="20220910 19:29:25.795" endtime="20220910 19:29:28.077"/>
</test>
<kw name="ปิด web" type="TEARDOWN">
<kw name="Close Browser" library="SeleniumLibrary">
<doc>Closes the current browser.</doc>
<status status="PASS" starttime="20220910 19:29:28.080" endtime="20220910 19:29:28.438"/>
</kw>
<status status="PASS" starttime="20220910 19:29:28.079" endtime="20220910 19:29:28.439"/>
</kw>
<status status="PASS" starttime="20220910 19:28:52.813" endtime="20220910 19:29:28.439"/>
</suite>
<statistics>
<total>
<stat pass="4" fail="0" skip="0">All Tests</stat>
</total>
<tag>
</tag>
<suite>
<stat pass="4" fail="0" skip="0" id="s1" name="Test Login">Test Login</stat>
</suite>
</statistics>
<errors>
</errors>
</robot>
