<?xml version="1.0" encoding="UTF-8"?>
<robot generator="Robot 4.1.2 (Python 3.9.7 on darwin)" generated="20220827 17:00:15.105" rpa="false" schemaversion="2">
<suite id="s1" name="Calculator Test" source="/Users/ratthanunpongsaiya/Desktop/RobotTraining_20220827_na/calculator_test.robot">
<kw name="Run Keywords" library="BuiltIn" type="SETUP">
<arg>เปิด เว็บ BasicCalculator</arg>
<arg>เลือกชุดที่ 3 ในการทดสอบ</arg>
<doc>Executes all the given keywords in a sequence.</doc>
<kw name="เปิด เว็บ BasicCalculator">
<kw name="Open Browser" library="SeleniumLibrary">
<arg>url=${URL}</arg>
<arg>browser=googlechrome</arg>
<doc>Opens a new browser instance to the optional ``url``.</doc>
<msg timestamp="20220827 17:00:15.287" level="INFO">Opening browser 'googlechrome' to base url 'https://testsheepnz.github.io/BasicCalculator.html'.</msg>
<status status="PASS" starttime="20220827 17:00:15.286" endtime="20220827 17:00:17.633"/>
</kw>
<status status="PASS" starttime="20220827 17:00:15.286" endtime="20220827 17:00:17.633"/>
</kw>
<kw name="เลือกชุดที่ 3 ในการทดสอบ" sourcename="เลือกชุดที่ ${build} ในการทดสอบ">
<kw name="Scroll Element Into View" library="SeleniumLibrary">
<arg>id=clearButton</arg>
<doc>Scrolls the element identified by ``locator`` into view.</doc>
<status status="PASS" starttime="20220827 17:00:17.634" endtime="20220827 17:00:17.925"/>
</kw>
<kw name="Click Element" library="SeleniumLibrary">
<arg>id=selectBuild</arg>
<doc>Click the element identified by ``locator``.</doc>
<msg timestamp="20220827 17:00:17.925" level="INFO">Clicking element 'id=selectBuild'.</msg>
<status status="PASS" starttime="20220827 17:00:17.925" endtime="20220827 17:00:17.991"/>
</kw>
<kw name="Select From List By Value" library="SeleniumLibrary">
<arg>id=selectBuild</arg>
<arg>${build}</arg>
<doc>Selects options from selection list ``locator`` by ``values``.</doc>
<msg timestamp="20220827 17:00:17.992" level="INFO">Selecting options from selection list 'id=selectBuild' by value 3.</msg>
<status status="PASS" starttime="20220827 17:00:17.992" endtime="20220827 17:00:18.306"/>
</kw>
<status status="PASS" starttime="20220827 17:00:17.633" endtime="20220827 17:00:18.306"/>
</kw>
<status status="PASS" starttime="20220827 17:00:15.286" endtime="20220827 17:00:18.306"/>
</kw>
<test id="s1-t1" name="ทดสอบการ บวก">
<kw name="กรอก First number">
<arg>2</arg>
<kw name="Input Text" library="SeleniumLibrary">
<arg>name=number1</arg>
<arg>text=${Input}</arg>
<doc>Types the given ``text`` into the text field identified by ``locator``.</doc>
<msg timestamp="20220827 17:00:18.308" level="INFO">Typing text '2' into text field 'name=number1'.</msg>
<status status="PASS" starttime="20220827 17:00:18.308" endtime="20220827 17:00:18.670"/>
</kw>
<status status="PASS" starttime="20220827 17:00:18.307" endtime="20220827 17:00:18.670"/>
</kw>
<kw name="กรอก Second number">
<arg>3</arg>
<kw name="Input Text" library="SeleniumLibrary">
<arg>name=number2</arg>
<arg>text=${Input}</arg>
<doc>Types the given ``text`` into the text field identified by ``locator``.</doc>
<msg timestamp="20220827 17:00:18.672" level="INFO">Typing text '3' into text field 'name=number2'.</msg>
<status status="PASS" starttime="20220827 17:00:18.671" endtime="20220827 17:00:18.736"/>
</kw>
<status status="PASS" starttime="20220827 17:00:18.670" endtime="20220827 17:00:18.736"/>
</kw>
<kw name="เลือก Operation">
<arg>Add</arg>
<kw name="Select From List By Label" library="SeleniumLibrary">
<arg>id=selectOperationDropdown</arg>
<arg>${Operation}</arg>
<doc>Selects options from selection list ``locator`` by ``labels``.</doc>
<msg timestamp="20220827 17:00:18.738" level="INFO">Selecting options from selection list 'id=selectOperationDropdown' by label Add.</msg>
<status status="PASS" starttime="20220827 17:00:18.737" endtime="20220827 17:00:18.773"/>
</kw>
<status status="PASS" starttime="20220827 17:00:18.736" endtime="20220827 17:00:18.774"/>
</kw>
<kw name="กดปุ่ม calculateButton">
<kw name="Click Element" library="SeleniumLibrary">
<arg>id=calculateButton</arg>
<doc>Click the element identified by ``locator``.</doc>
<msg timestamp="20220827 17:00:18.774" level="INFO">Clicking element 'id=calculateButton'.</msg>
<status status="PASS" starttime="20220827 17:00:18.774" endtime="20220827 17:00:18.821"/>
</kw>
<status status="PASS" starttime="20220827 17:00:18.774" endtime="20220827 17:00:18.821"/>
</kw>
<kw name="ตรวจสอบผลลัพธ์">
<arg>5</arg>
<kw name="Wait Until Element Is Visible" library="SeleniumLibrary">
<arg>id=numberAnswerField</arg>
<arg>timeout=10s</arg>
<doc>Waits until the element ``locator`` is visible.</doc>
<status status="PASS" starttime="20220827 17:00:18.823" endtime="20220827 17:00:19.292"/>
</kw>
<kw name="Get Value" library="SeleniumLibrary">
<var>${result}</var>
<arg>id=numberAnswerField</arg>
<doc>Returns the value attribute of the element identified by ``locator``.</doc>
<msg timestamp="20220827 17:00:19.307" level="INFO">${result} = 5</msg>
<status status="PASS" starttime="20220827 17:00:19.292" endtime="20220827 17:00:19.307"/>
</kw>
<kw name="Should Be Equal" library="BuiltIn">
<arg>${result}</arg>
<arg>${expected}</arg>
<doc>Fails if the given objects are unequal.</doc>
<status status="PASS" starttime="20220827 17:00:19.308" endtime="20220827 17:00:19.308"/>
</kw>
<status status="PASS" starttime="20220827 17:00:18.822" endtime="20220827 17:00:19.308"/>
</kw>
<kw name="กดปุ่ม Clear" type="TEARDOWN">
<kw name="Click Element" library="SeleniumLibrary">
<arg>id=clearButton</arg>
<doc>Click the element identified by ``locator``.</doc>
<msg timestamp="20220827 17:00:19.309" level="INFO">Clicking element 'id=clearButton'.</msg>
<status status="PASS" starttime="20220827 17:00:19.309" endtime="20220827 17:00:19.357"/>
</kw>
<kw name="Get Value" library="SeleniumLibrary">
<var>${result}</var>
<arg>id=numberAnswerField</arg>
<doc>Returns the value attribute of the element identified by ``locator``.</doc>
<msg timestamp="20220827 17:00:19.376" level="INFO">${result} = </msg>
<status status="PASS" starttime="20220827 17:00:19.357" endtime="20220827 17:00:19.376"/>
</kw>
<kw name="Log" library="BuiltIn">
<arg>${result}</arg>
<doc>Logs the given message with the given level.</doc>
<msg timestamp="20220827 17:00:19.377" level="INFO"/>
<status status="PASS" starttime="20220827 17:00:19.376" endtime="20220827 17:00:19.377"/>
</kw>
<kw name="Log" library="BuiltIn">
<arg>${EMPTY}</arg>
<doc>Logs the given message with the given level.</doc>
<msg timestamp="20220827 17:00:19.377" level="INFO"/>
<status status="PASS" starttime="20220827 17:00:19.377" endtime="20220827 17:00:19.377"/>
</kw>
<kw name="Run Keyword If" library="BuiltIn">
<arg>'${result}' != '${EMPTY}'</arg>
<arg>Clear Element Text</arg>
<arg>Else</arg>
<arg>Log to console</arg>
<arg>Clear</arg>
<doc>Runs the given keyword with the given arguments, if ``condition`` is true.</doc>
<status status="PASS" starttime="20220827 17:00:19.377" endtime="20220827 17:00:19.378"/>
</kw>
<status status="PASS" starttime="20220827 17:00:19.308" endtime="20220827 17:00:19.378"/>
</kw>
<status status="PASS" starttime="20220827 17:00:18.306" endtime="20220827 17:00:19.378"/>
</test>
<test id="s1-t2" name="ทดสอบการ ลบ">
<kw name="กรอก First number">
<arg>2</arg>
<kw name="Input Text" library="SeleniumLibrary">
<arg>name=number1</arg>
<arg>text=${Input}</arg>
<doc>Types the given ``text`` into the text field identified by ``locator``.</doc>
<msg timestamp="20220827 17:00:19.380" level="INFO">Typing text '2' into text field 'name=number1'.</msg>
<status status="PASS" starttime="20220827 17:00:19.380" endtime="20220827 17:00:19.462"/>
</kw>
<status status="PASS" starttime="20220827 17:00:19.379" endtime="20220827 17:00:19.462"/>
</kw>
<kw name="กรอก Second number">
<arg>3</arg>
<kw name="Input Text" library="SeleniumLibrary">
<arg>name=number2</arg>
<arg>text=${Input}</arg>
<doc>Types the given ``text`` into the text field identified by ``locator``.</doc>
<msg timestamp="20220827 17:00:19.464" level="INFO">Typing text '3' into text field 'name=number2'.</msg>
<status status="PASS" starttime="20220827 17:00:19.463" endtime="20220827 17:00:19.515"/>
</kw>
<status status="PASS" starttime="20220827 17:00:19.462" endtime="20220827 17:00:19.515"/>
</kw>
<kw name="เลือก Operation">
<arg>Subtract</arg>
<kw name="Select From List By Label" library="SeleniumLibrary">
<arg>id=selectOperationDropdown</arg>
<arg>${Operation}</arg>
<doc>Selects options from selection list ``locator`` by ``labels``.</doc>
<msg timestamp="20220827 17:00:19.516" level="INFO">Selecting options from selection list 'id=selectOperationDropdown' by label Subtract.</msg>
<status status="PASS" starttime="20220827 17:00:19.516" endtime="20220827 17:00:19.572"/>
</kw>
<status status="PASS" starttime="20220827 17:00:19.516" endtime="20220827 17:00:19.572"/>
</kw>
<kw name="กดปุ่ม calculateButton">
<kw name="Click Element" library="SeleniumLibrary">
<arg>id=calculateButton</arg>
<doc>Click the element identified by ``locator``.</doc>
<msg timestamp="20220827 17:00:19.574" level="INFO">Clicking element 'id=calculateButton'.</msg>
<status status="PASS" starttime="20220827 17:00:19.573" endtime="20220827 17:00:19.607"/>
</kw>
<status status="PASS" starttime="20220827 17:00:19.572" endtime="20220827 17:00:19.607"/>
</kw>
<kw name="ตรวจสอบผลลัพธ์">
<arg>-1</arg>
<kw name="Wait Until Element Is Visible" library="SeleniumLibrary">
<arg>id=numberAnswerField</arg>
<arg>timeout=10s</arg>
<doc>Waits until the element ``locator`` is visible.</doc>
<status status="PASS" starttime="20220827 17:00:19.608" endtime="20220827 17:00:20.062"/>
</kw>
<kw name="Get Value" library="SeleniumLibrary">
<var>${result}</var>
<arg>id=numberAnswerField</arg>
<doc>Returns the value attribute of the element identified by ``locator``.</doc>
<msg timestamp="20220827 17:00:20.073" level="INFO">${result} = -1</msg>
<status status="PASS" starttime="20220827 17:00:20.062" endtime="20220827 17:00:20.073"/>
</kw>
<kw name="Should Be Equal" library="BuiltIn">
<arg>${result}</arg>
<arg>${expected}</arg>
<doc>Fails if the given objects are unequal.</doc>
<status status="PASS" starttime="20220827 17:00:20.073" endtime="20220827 17:00:20.073"/>
</kw>
<status status="PASS" starttime="20220827 17:00:19.608" endtime="20220827 17:00:20.073"/>
</kw>
<kw name="กดปุ่ม Clear" type="TEARDOWN">
<kw name="Click Element" library="SeleniumLibrary">
<arg>id=clearButton</arg>
<doc>Click the element identified by ``locator``.</doc>
<msg timestamp="20220827 17:00:20.074" level="INFO">Clicking element 'id=clearButton'.</msg>
<status status="PASS" starttime="20220827 17:00:20.074" endtime="20220827 17:00:20.100"/>
</kw>
<kw name="Get Value" library="SeleniumLibrary">
<var>${result}</var>
<arg>id=numberAnswerField</arg>
<doc>Returns the value attribute of the element identified by ``locator``.</doc>
<msg timestamp="20220827 17:00:20.113" level="INFO">${result} = </msg>
<status status="PASS" starttime="20220827 17:00:20.100" endtime="20220827 17:00:20.113"/>
</kw>
<kw name="Log" library="BuiltIn">
<arg>${result}</arg>
<doc>Logs the given message with the given level.</doc>
<msg timestamp="20220827 17:00:20.114" level="INFO"/>
<status status="PASS" starttime="20220827 17:00:20.113" endtime="20220827 17:00:20.114"/>
</kw>
<kw name="Log" library="BuiltIn">
<arg>${EMPTY}</arg>
<doc>Logs the given message with the given level.</doc>
<msg timestamp="20220827 17:00:20.114" level="INFO"/>
<status status="PASS" starttime="20220827 17:00:20.114" endtime="20220827 17:00:20.114"/>
</kw>
<kw name="Run Keyword If" library="BuiltIn">
<arg>'${result}' != '${EMPTY}'</arg>
<arg>Clear Element Text</arg>
<arg>Else</arg>
<arg>Log to console</arg>
<arg>Clear</arg>
<doc>Runs the given keyword with the given arguments, if ``condition`` is true.</doc>
<status status="PASS" starttime="20220827 17:00:20.115" endtime="20220827 17:00:20.115"/>
</kw>
<status status="PASS" starttime="20220827 17:00:20.074" endtime="20220827 17:00:20.115"/>
</kw>
<status status="PASS" starttime="20220827 17:00:19.379" endtime="20220827 17:00:20.115"/>
</test>
<test id="s1-t3" name="ทดสอบการ คูณ">
<kw name="กรอก First number">
<arg>2</arg>
<kw name="Input Text" library="SeleniumLibrary">
<arg>name=number1</arg>
<arg>text=${Input}</arg>
<doc>Types the given ``text`` into the text field identified by ``locator``.</doc>
<msg timestamp="20220827 17:00:20.117" level="INFO">Typing text '2' into text field 'name=number1'.</msg>
<status status="PASS" starttime="20220827 17:00:20.117" endtime="20220827 17:00:20.175"/>
</kw>
<status status="PASS" starttime="20220827 17:00:20.117" endtime="20220827 17:00:20.175"/>
</kw>
<kw name="กรอก Second number">
<arg>3</arg>
<kw name="Input Text" library="SeleniumLibrary">
<arg>name=number2</arg>
<arg>text=${Input}</arg>
<doc>Types the given ``text`` into the text field identified by ``locator``.</doc>
<msg timestamp="20220827 17:00:20.176" level="INFO">Typing text '3' into text field 'name=number2'.</msg>
<status status="PASS" starttime="20220827 17:00:20.175" endtime="20220827 17:00:20.223"/>
</kw>
<status status="PASS" starttime="20220827 17:00:20.175" endtime="20220827 17:00:20.223"/>
</kw>
<kw name="เลือก Operation">
<arg>Multiply</arg>
<kw name="Select From List By Label" library="SeleniumLibrary">
<arg>id=selectOperationDropdown</arg>
<arg>${Operation}</arg>
<doc>Selects options from selection list ``locator`` by ``labels``.</doc>
<msg timestamp="20220827 17:00:20.224" level="INFO">Selecting options from selection list 'id=selectOperationDropdown' by label Multiply.</msg>
<status status="PASS" starttime="20220827 17:00:20.223" endtime="20220827 17:00:20.288"/>
</kw>
<status status="PASS" starttime="20220827 17:00:20.223" endtime="20220827 17:00:20.288"/>
</kw>
<kw name="กดปุ่ม calculateButton">
<kw name="Click Element" library="SeleniumLibrary">
<arg>id=calculateButton</arg>
<doc>Click the element identified by ``locator``.</doc>
<msg timestamp="20220827 17:00:20.289" level="INFO">Clicking element 'id=calculateButton'.</msg>
<status status="PASS" starttime="20220827 17:00:20.289" endtime="20220827 17:00:20.324"/>
</kw>
<status status="PASS" starttime="20220827 17:00:20.288" endtime="20220827 17:00:20.324"/>
</kw>
<kw name="ตรวจสอบผลลัพธ์">
<arg>6</arg>
<kw name="Wait Until Element Is Visible" library="SeleniumLibrary">
<arg>id=numberAnswerField</arg>
<arg>timeout=10s</arg>
<doc>Waits until the element ``locator`` is visible.</doc>
<status status="PASS" starttime="20220827 17:00:20.325" endtime="20220827 17:00:20.560"/>
</kw>
<kw name="Get Value" library="SeleniumLibrary">
<var>${result}</var>
<arg>id=numberAnswerField</arg>
<doc>Returns the value attribute of the element identified by ``locator``.</doc>
<msg timestamp="20220827 17:00:20.570" level="INFO">${result} = 6</msg>
<status status="PASS" starttime="20220827 17:00:20.560" endtime="20220827 17:00:20.570"/>
</kw>
<kw name="Should Be Equal" library="BuiltIn">
<arg>${result}</arg>
<arg>${expected}</arg>
<doc>Fails if the given objects are unequal.</doc>
<status status="PASS" starttime="20220827 17:00:20.571" endtime="20220827 17:00:20.571"/>
</kw>
<status status="PASS" starttime="20220827 17:00:20.324" endtime="20220827 17:00:20.571"/>
</kw>
<kw name="กดปุ่ม Clear" type="TEARDOWN">
<kw name="Click Element" library="SeleniumLibrary">
<arg>id=clearButton</arg>
<doc>Click the element identified by ``locator``.</doc>
<msg timestamp="20220827 17:00:20.572" level="INFO">Clicking element 'id=clearButton'.</msg>
<status status="PASS" starttime="20220827 17:00:20.572" endtime="20220827 17:00:20.598"/>
</kw>
<kw name="Get Value" library="SeleniumLibrary">
<var>${result}</var>
<arg>id=numberAnswerField</arg>
<doc>Returns the value attribute of the element identified by ``locator``.</doc>
<msg timestamp="20220827 17:00:20.610" level="INFO">${result} = </msg>
<status status="PASS" starttime="20220827 17:00:20.598" endtime="20220827 17:00:20.610"/>
</kw>
<kw name="Log" library="BuiltIn">
<arg>${result}</arg>
<doc>Logs the given message with the given level.</doc>
<msg timestamp="20220827 17:00:20.611" level="INFO"/>
<status status="PASS" starttime="20220827 17:00:20.610" endtime="20220827 17:00:20.611"/>
</kw>
<kw name="Log" library="BuiltIn">
<arg>${EMPTY}</arg>
<doc>Logs the given message with the given level.</doc>
<msg timestamp="20220827 17:00:20.611" level="INFO"/>
<status status="PASS" starttime="20220827 17:00:20.611" endtime="20220827 17:00:20.611"/>
</kw>
<kw name="Run Keyword If" library="BuiltIn">
<arg>'${result}' != '${EMPTY}'</arg>
<arg>Clear Element Text</arg>
<arg>Else</arg>
<arg>Log to console</arg>
<arg>Clear</arg>
<doc>Runs the given keyword with the given arguments, if ``condition`` is true.</doc>
<status status="PASS" starttime="20220827 17:00:20.611" endtime="20220827 17:00:20.612"/>
</kw>
<status status="PASS" starttime="20220827 17:00:20.571" endtime="20220827 17:00:20.612"/>
</kw>
<status status="PASS" starttime="20220827 17:00:20.116" endtime="20220827 17:00:20.612"/>
</test>
<test id="s1-t4" name="ทดสอบการ หาร">
<kw name="กรอก First number">
<arg>2</arg>
<kw name="Input Text" library="SeleniumLibrary">
<arg>name=number1</arg>
<arg>text=${Input}</arg>
<doc>Types the given ``text`` into the text field identified by ``locator``.</doc>
<msg timestamp="20220827 17:00:20.614" level="INFO">Typing text '2' into text field 'name=number1'.</msg>
<status status="PASS" starttime="20220827 17:00:20.614" endtime="20220827 17:00:20.666"/>
</kw>
<status status="PASS" starttime="20220827 17:00:20.613" endtime="20220827 17:00:20.666"/>
</kw>
<kw name="กรอก Second number">
<arg>3</arg>
<kw name="Input Text" library="SeleniumLibrary">
<arg>name=number2</arg>
<arg>text=${Input}</arg>
<doc>Types the given ``text`` into the text field identified by ``locator``.</doc>
<msg timestamp="20220827 17:00:20.667" level="INFO">Typing text '3' into text field 'name=number2'.</msg>
<status status="PASS" starttime="20220827 17:00:20.666" endtime="20220827 17:00:20.738"/>
</kw>
<status status="PASS" starttime="20220827 17:00:20.666" endtime="20220827 17:00:20.738"/>
</kw>
<kw name="เลือก Operation">
<arg>Divide</arg>
<kw name="Select From List By Label" library="SeleniumLibrary">
<arg>id=selectOperationDropdown</arg>
<arg>${Operation}</arg>
<doc>Selects options from selection list ``locator`` by ``labels``.</doc>
<msg timestamp="20220827 17:00:20.739" level="INFO">Selecting options from selection list 'id=selectOperationDropdown' by label Divide.</msg>
<status status="PASS" starttime="20220827 17:00:20.739" endtime="20220827 17:00:20.799"/>
</kw>
<status status="PASS" starttime="20220827 17:00:20.738" endtime="20220827 17:00:20.799"/>
</kw>
<kw name="กดปุ่ม calculateButton">
<kw name="Click Element" library="SeleniumLibrary">
<arg>id=calculateButton</arg>
<doc>Click the element identified by ``locator``.</doc>
<msg timestamp="20220827 17:00:20.800" level="INFO">Clicking element 'id=calculateButton'.</msg>
<status status="PASS" starttime="20220827 17:00:20.800" endtime="20220827 17:00:20.830"/>
</kw>
<status status="PASS" starttime="20220827 17:00:20.799" endtime="20220827 17:00:20.830"/>
</kw>
<kw name="ตรวจสอบผลลัพธ์">
<arg>0.6666666666666666</arg>
<kw name="Wait Until Element Is Visible" library="SeleniumLibrary">
<arg>id=numberAnswerField</arg>
<arg>timeout=10s</arg>
<doc>Waits until the element ``locator`` is visible.</doc>
<status status="PASS" starttime="20220827 17:00:20.832" endtime="20220827 17:00:21.281"/>
</kw>
<kw name="Get Value" library="SeleniumLibrary">
<var>${result}</var>
<arg>id=numberAnswerField</arg>
<doc>Returns the value attribute of the element identified by ``locator``.</doc>
<msg timestamp="20220827 17:00:21.293" level="INFO">${result} = 0.6666666666666666</msg>
<status status="PASS" starttime="20220827 17:00:21.281" endtime="20220827 17:00:21.293"/>
</kw>
<kw name="Should Be Equal" library="BuiltIn">
<arg>${result}</arg>
<arg>${expected}</arg>
<doc>Fails if the given objects are unequal.</doc>
<status status="PASS" starttime="20220827 17:00:21.293" endtime="20220827 17:00:21.294"/>
</kw>
<status status="PASS" starttime="20220827 17:00:20.831" endtime="20220827 17:00:21.294"/>
</kw>
<kw name="กดปุ่ม Clear" type="TEARDOWN">
<kw name="Click Element" library="SeleniumLibrary">
<arg>id=clearButton</arg>
<doc>Click the element identified by ``locator``.</doc>
<msg timestamp="20220827 17:00:21.295" level="INFO">Clicking element 'id=clearButton'.</msg>
<status status="PASS" starttime="20220827 17:00:21.294" endtime="20220827 17:00:21.323"/>
</kw>
<kw name="Get Value" library="SeleniumLibrary">
<var>${result}</var>
<arg>id=numberAnswerField</arg>
<doc>Returns the value attribute of the element identified by ``locator``.</doc>
<msg timestamp="20220827 17:00:21.337" level="INFO">${result} = </msg>
<status status="PASS" starttime="20220827 17:00:21.323" endtime="20220827 17:00:21.337"/>
</kw>
<kw name="Log" library="BuiltIn">
<arg>${result}</arg>
<doc>Logs the given message with the given level.</doc>
<msg timestamp="20220827 17:00:21.338" level="INFO"/>
<status status="PASS" starttime="20220827 17:00:21.338" endtime="20220827 17:00:21.338"/>
</kw>
<kw name="Log" library="BuiltIn">
<arg>${EMPTY}</arg>
<doc>Logs the given message with the given level.</doc>
<msg timestamp="20220827 17:00:21.338" level="INFO"/>
<status status="PASS" starttime="20220827 17:00:21.338" endtime="20220827 17:00:21.338"/>
</kw>
<kw name="Run Keyword If" library="BuiltIn">
<arg>'${result}' != '${EMPTY}'</arg>
<arg>Clear Element Text</arg>
<arg>Else</arg>
<arg>Log to console</arg>
<arg>Clear</arg>
<doc>Runs the given keyword with the given arguments, if ``condition`` is true.</doc>
<status status="PASS" starttime="20220827 17:00:21.339" endtime="20220827 17:00:21.339"/>
</kw>
<status status="PASS" starttime="20220827 17:00:21.294" endtime="20220827 17:00:21.339"/>
</kw>
<status status="PASS" starttime="20220827 17:00:20.613" endtime="20220827 17:00:21.339"/>
</test>
<test id="s1-t5" name="ทดสอบการ หาร แบบ Integer only">
<kw name="กรอก First number">
<arg>2</arg>
<kw name="Input Text" library="SeleniumLibrary">
<arg>name=number1</arg>
<arg>text=${Input}</arg>
<doc>Types the given ``text`` into the text field identified by ``locator``.</doc>
<msg timestamp="20220827 17:00:21.341" level="INFO">Typing text '2' into text field 'name=number1'.</msg>
<status status="PASS" starttime="20220827 17:00:21.341" endtime="20220827 17:00:21.401"/>
</kw>
<status status="PASS" starttime="20220827 17:00:21.341" endtime="20220827 17:00:21.401"/>
</kw>
<kw name="กรอก Second number">
<arg>3</arg>
<kw name="Input Text" library="SeleniumLibrary">
<arg>name=number2</arg>
<arg>text=${Input}</arg>
<doc>Types the given ``text`` into the text field identified by ``locator``.</doc>
<msg timestamp="20220827 17:00:21.402" level="INFO">Typing text '3' into text field 'name=number2'.</msg>
<status status="PASS" starttime="20220827 17:00:21.402" endtime="20220827 17:00:21.459"/>
</kw>
<status status="PASS" starttime="20220827 17:00:21.401" endtime="20220827 17:00:21.459"/>
</kw>
<kw name="เลือก Operation">
<arg>Divide</arg>
<kw name="Select From List By Label" library="SeleniumLibrary">
<arg>id=selectOperationDropdown</arg>
<arg>${Operation}</arg>
<doc>Selects options from selection list ``locator`` by ``labels``.</doc>
<msg timestamp="20220827 17:00:21.460" level="INFO">Selecting options from selection list 'id=selectOperationDropdown' by label Divide.</msg>
<status status="PASS" starttime="20220827 17:00:21.460" endtime="20220827 17:00:21.488"/>
</kw>
<status status="PASS" starttime="20220827 17:00:21.460" endtime="20220827 17:00:21.488"/>
</kw>
<kw name="กดปุ่ม calculateButton">
<kw name="Click Element" library="SeleniumLibrary">
<arg>id=calculateButton</arg>
<doc>Click the element identified by ``locator``.</doc>
<msg timestamp="20220827 17:00:21.489" level="INFO">Clicking element 'id=calculateButton'.</msg>
<status status="PASS" starttime="20220827 17:00:21.489" endtime="20220827 17:00:21.517"/>
</kw>
<status status="PASS" starttime="20220827 17:00:21.488" endtime="20220827 17:00:21.517"/>
</kw>
<kw name="เลือก Integers only">
<kw name="Wait Until Element Is Visible" library="SeleniumLibrary">
<arg>id=integerSelect</arg>
<arg>timeout=10s</arg>
<doc>Waits until the element ``locator`` is visible.</doc>
<status status="PASS" starttime="20220827 17:00:21.517" endtime="20220827 17:00:22.406"/>
</kw>
<kw name="Select Checkbox" library="SeleniumLibrary">
<arg>id=integerSelect</arg>
<doc>Selects the checkbox identified by ``locator``.</doc>
<msg timestamp="20220827 17:00:22.406" level="INFO">Selecting checkbox 'id=integerSelect'.</msg>
<status status="PASS" starttime="20220827 17:00:22.406" endtime="20220827 17:00:22.454"/>
</kw>
<kw name="Checkbox Should Be Selected" library="SeleniumLibrary">
<arg>id=integerSelect</arg>
<doc>Verifies checkbox ``locator`` is selected/checked.</doc>
<msg timestamp="20220827 17:00:22.454" level="INFO">Verifying checkbox 'id=integerSelect' is selected.</msg>
<status status="PASS" starttime="20220827 17:00:22.454" endtime="20220827 17:00:22.474"/>
</kw>
<status status="PASS" starttime="20220827 17:00:21.517" endtime="20220827 17:00:22.474"/>
</kw>
<kw name="ตรวจสอบผลลัพธ์">
<arg>0</arg>
<kw name="Wait Until Element Is Visible" library="SeleniumLibrary">
<arg>id=numberAnswerField</arg>
<arg>timeout=10s</arg>
<doc>Waits until the element ``locator`` is visible.</doc>
<status status="PASS" starttime="20220827 17:00:22.475" endtime="20220827 17:00:22.489"/>
</kw>
<kw name="Get Value" library="SeleniumLibrary">
<var>${result}</var>
<arg>id=numberAnswerField</arg>
<doc>Returns the value attribute of the element identified by ``locator``.</doc>
<msg timestamp="20220827 17:00:22.500" level="INFO">${result} = 0</msg>
<status status="PASS" starttime="20220827 17:00:22.489" endtime="20220827 17:00:22.500"/>
</kw>
<kw name="Should Be Equal" library="BuiltIn">
<arg>${result}</arg>
<arg>${expected}</arg>
<doc>Fails if the given objects are unequal.</doc>
<status status="PASS" starttime="20220827 17:00:22.500" endtime="20220827 17:00:22.501"/>
</kw>
<status status="PASS" starttime="20220827 17:00:22.475" endtime="20220827 17:00:22.501"/>
</kw>
<kw name="กดปุ่ม Clear" type="TEARDOWN">
<kw name="Click Element" library="SeleniumLibrary">
<arg>id=clearButton</arg>
<doc>Click the element identified by ``locator``.</doc>
<msg timestamp="20220827 17:00:22.502" level="INFO">Clicking element 'id=clearButton'.</msg>
<status status="PASS" starttime="20220827 17:00:22.502" endtime="20220827 17:00:22.531"/>
</kw>
<kw name="Get Value" library="SeleniumLibrary">
<var>${result}</var>
<arg>id=numberAnswerField</arg>
<doc>Returns the value attribute of the element identified by ``locator``.</doc>
<msg timestamp="20220827 17:00:22.543" level="INFO">${result} = </msg>
<status status="PASS" starttime="20220827 17:00:22.532" endtime="20220827 17:00:22.543"/>
</kw>
<kw name="Log" library="BuiltIn">
<arg>${result}</arg>
<doc>Logs the given message with the given level.</doc>
<msg timestamp="20220827 17:00:22.543" level="INFO"/>
<status status="PASS" starttime="20220827 17:00:22.543" endtime="20220827 17:00:22.543"/>
</kw>
<kw name="Log" library="BuiltIn">
<arg>${EMPTY}</arg>
<doc>Logs the given message with the given level.</doc>
<msg timestamp="20220827 17:00:22.544" level="INFO"/>
<status status="PASS" starttime="20220827 17:00:22.543" endtime="20220827 17:00:22.544"/>
</kw>
<kw name="Run Keyword If" library="BuiltIn">
<arg>'${result}' != '${EMPTY}'</arg>
<arg>Clear Element Text</arg>
<arg>Else</arg>
<arg>Log to console</arg>
<arg>Clear</arg>
<doc>Runs the given keyword with the given arguments, if ``condition`` is true.</doc>
<status status="PASS" starttime="20220827 17:00:22.544" endtime="20220827 17:00:22.545"/>
</kw>
<status status="PASS" starttime="20220827 17:00:22.501" endtime="20220827 17:00:22.545"/>
</kw>
<status status="PASS" starttime="20220827 17:00:21.340" endtime="20220827 17:00:22.545"/>
</test>
<test id="s1-t6" name="ทดสอบการ ต่อกัน">
<kw name="กรอก First number">
<arg>2</arg>
<kw name="Input Text" library="SeleniumLibrary">
<arg>name=number1</arg>
<arg>text=${Input}</arg>
<doc>Types the given ``text`` into the text field identified by ``locator``.</doc>
<msg timestamp="20220827 17:00:22.547" level="INFO">Typing text '2' into text field 'name=number1'.</msg>
<status status="PASS" starttime="20220827 17:00:22.547" endtime="20220827 17:00:22.602"/>
</kw>
<status status="PASS" starttime="20220827 17:00:22.547" endtime="20220827 17:00:22.602"/>
</kw>
<kw name="กรอก Second number">
<arg>3</arg>
<kw name="Input Text" library="SeleniumLibrary">
<arg>name=number2</arg>
<arg>text=${Input}</arg>
<doc>Types the given ``text`` into the text field identified by ``locator``.</doc>
<msg timestamp="20220827 17:00:22.603" level="INFO">Typing text '3' into text field 'name=number2'.</msg>
<status status="PASS" starttime="20220827 17:00:22.603" endtime="20220827 17:00:22.652"/>
</kw>
<status status="PASS" starttime="20220827 17:00:22.602" endtime="20220827 17:00:22.652"/>
</kw>
<kw name="เลือก Operation">
<arg>Concatenate</arg>
<kw name="Select From List By Label" library="SeleniumLibrary">
<arg>id=selectOperationDropdown</arg>
<arg>${Operation}</arg>
<doc>Selects options from selection list ``locator`` by ``labels``.</doc>
<msg timestamp="20220827 17:00:22.653" level="INFO">Selecting options from selection list 'id=selectOperationDropdown' by label Concatenate.</msg>
<status status="PASS" starttime="20220827 17:00:22.652" endtime="20220827 17:00:22.710"/>
</kw>
<status status="PASS" starttime="20220827 17:00:22.652" endtime="20220827 17:00:22.710"/>
</kw>
<kw name="กดปุ่ม calculateButton">
<kw name="Click Element" library="SeleniumLibrary">
<arg>id=calculateButton</arg>
<doc>Click the element identified by ``locator``.</doc>
<msg timestamp="20220827 17:00:22.711" level="INFO">Clicking element 'id=calculateButton'.</msg>
<status status="PASS" starttime="20220827 17:00:22.711" endtime="20220827 17:00:22.741"/>
</kw>
<status status="PASS" starttime="20220827 17:00:22.710" endtime="20220827 17:00:22.741"/>
</kw>
<kw name="ตรวจสอบผลลัพธ์">
<arg>23</arg>
<kw name="Wait Until Element Is Visible" library="SeleniumLibrary">
<arg>id=numberAnswerField</arg>
<arg>timeout=10s</arg>
<doc>Waits until the element ``locator`` is visible.</doc>
<status status="PASS" starttime="20220827 17:00:22.743" endtime="20220827 17:00:22.970"/>
</kw>
<kw name="Get Value" library="SeleniumLibrary">
<var>${result}</var>
<arg>id=numberAnswerField</arg>
<doc>Returns the value attribute of the element identified by ``locator``.</doc>
<msg timestamp="20220827 17:00:22.983" level="INFO">${result} = 23</msg>
<status status="PASS" starttime="20220827 17:00:22.971" endtime="20220827 17:00:22.983"/>
</kw>
<kw name="Should Be Equal" library="BuiltIn">
<arg>${result}</arg>
<arg>${expected}</arg>
<doc>Fails if the given objects are unequal.</doc>
<status status="PASS" starttime="20220827 17:00:22.983" endtime="20220827 17:00:22.983"/>
</kw>
<status status="PASS" starttime="20220827 17:00:22.743" endtime="20220827 17:00:22.983"/>
</kw>
<kw name="กดปุ่ม Clear" type="TEARDOWN">
<kw name="Click Element" library="SeleniumLibrary">
<arg>id=clearButton</arg>
<doc>Click the element identified by ``locator``.</doc>
<msg timestamp="20220827 17:00:22.984" level="INFO">Clicking element 'id=clearButton'.</msg>
<status status="PASS" starttime="20220827 17:00:22.984" endtime="20220827 17:00:23.010"/>
</kw>
<kw name="Get Value" library="SeleniumLibrary">
<var>${result}</var>
<arg>id=numberAnswerField</arg>
<doc>Returns the value attribute of the element identified by ``locator``.</doc>
<msg timestamp="20220827 17:00:23.022" level="INFO">${result} = </msg>
<status status="PASS" starttime="20220827 17:00:23.011" endtime="20220827 17:00:23.022"/>
</kw>
<kw name="Log" library="BuiltIn">
<arg>${result}</arg>
<doc>Logs the given message with the given level.</doc>
<msg timestamp="20220827 17:00:23.022" level="INFO"/>
<status status="PASS" starttime="20220827 17:00:23.022" endtime="20220827 17:00:23.022"/>
</kw>
<kw name="Log" library="BuiltIn">
<arg>${EMPTY}</arg>
<doc>Logs the given message with the given level.</doc>
<msg timestamp="20220827 17:00:23.023" level="INFO"/>
<status status="PASS" starttime="20220827 17:00:23.023" endtime="20220827 17:00:23.023"/>
</kw>
<kw name="Run Keyword If" library="BuiltIn">
<arg>'${result}' != '${EMPTY}'</arg>
<arg>Clear Element Text</arg>
<arg>Else</arg>
<arg>Log to console</arg>
<arg>Clear</arg>
<doc>Runs the given keyword with the given arguments, if ``condition`` is true.</doc>
<status status="PASS" starttime="20220827 17:00:23.023" endtime="20220827 17:00:23.024"/>
</kw>
<status status="PASS" starttime="20220827 17:00:22.984" endtime="20220827 17:00:23.024"/>
</kw>
<status status="PASS" starttime="20220827 17:00:22.546" endtime="20220827 17:00:23.024"/>
</test>
<test id="s1-t7" name="ทดสอบการ บวก ในแต่ละ build">
<kw name="ตรวจสอบการคำนวณ">
<arg>1</arg>
<arg>2</arg>
<arg>Add</arg>
<arg>3</arg>
<arg>5</arg>
<kw name="เลือกชุดที่ ${build} ในการทดสอบ" sourcename="เลือกชุดที่ ${build} ในการทดสอบ">
<kw name="Scroll Element Into View" library="SeleniumLibrary">
<arg>id=clearButton</arg>
<doc>Scrolls the element identified by ``locator`` into view.</doc>
<status status="PASS" starttime="20220827 17:00:23.026" endtime="20220827 17:00:23.315"/>
</kw>
<kw name="Click Element" library="SeleniumLibrary">
<arg>id=selectBuild</arg>
<doc>Click the element identified by ``locator``.</doc>
<msg timestamp="20220827 17:00:23.316" level="INFO">Clicking element 'id=selectBuild'.</msg>
<status status="PASS" starttime="20220827 17:00:23.315" endtime="20220827 17:00:23.353"/>
</kw>
<kw name="Select From List By Value" library="SeleniumLibrary">
<arg>id=selectBuild</arg>
<arg>${build}</arg>
<doc>Selects options from selection list ``locator`` by ``values``.</doc>
<msg timestamp="20220827 17:00:23.353" level="INFO">Selecting options from selection list 'id=selectBuild' by value 1.</msg>
<status status="PASS" starttime="20220827 17:00:23.353" endtime="20220827 17:00:23.661"/>
</kw>
<status status="PASS" starttime="20220827 17:00:23.026" endtime="20220827 17:00:23.661"/>
</kw>
<kw name="กรอก First number">
<arg>${Input_1}</arg>
<kw name="Input Text" library="SeleniumLibrary">
<arg>name=number1</arg>
<arg>text=${Input}</arg>
<doc>Types the given ``text`` into the text field identified by ``locator``.</doc>
<msg timestamp="20220827 17:00:23.662" level="INFO">Typing text '2' into text field 'name=number1'.</msg>
<status status="PASS" starttime="20220827 17:00:23.662" endtime="20220827 17:00:23.949"/>
</kw>
<status status="PASS" starttime="20220827 17:00:23.661" endtime="20220827 17:00:23.949"/>
</kw>
<kw name="กรอก Second number">
<arg>${Input_2}</arg>
<kw name="Input Text" library="SeleniumLibrary">
<arg>name=number2</arg>
<arg>text=${Input}</arg>
<doc>Types the given ``text`` into the text field identified by ``locator``.</doc>
<msg timestamp="20220827 17:00:23.950" level="INFO">Typing text '3' into text field 'name=number2'.</msg>
<status status="PASS" starttime="20220827 17:00:23.949" endtime="20220827 17:00:23.993"/>
</kw>
<status status="PASS" starttime="20220827 17:00:23.949" endtime="20220827 17:00:23.993"/>
</kw>
<kw name="เลือก Operation">
<arg>${select_operation}</arg>
<kw name="Select From List By Label" library="SeleniumLibrary">
<arg>id=selectOperationDropdown</arg>
<arg>${Operation}</arg>
<doc>Selects options from selection list ``locator`` by ``labels``.</doc>
<msg timestamp="20220827 17:00:23.994" level="INFO">Selecting options from selection list 'id=selectOperationDropdown' by label Add.</msg>
<status status="PASS" starttime="20220827 17:00:23.994" endtime="20220827 17:00:24.037"/>
</kw>
<status status="PASS" starttime="20220827 17:00:23.993" endtime="20220827 17:00:24.037"/>
</kw>
<kw name="กดปุ่ม calculateButton">
<kw name="Click Element" library="SeleniumLibrary">
<arg>id=calculateButton</arg>
<doc>Click the element identified by ``locator``.</doc>
<msg timestamp="20220827 17:00:24.038" level="INFO">Clicking element 'id=calculateButton'.</msg>
<status status="PASS" starttime="20220827 17:00:24.038" endtime="20220827 17:00:24.064"/>
</kw>
<status status="PASS" starttime="20220827 17:00:24.038" endtime="20220827 17:00:24.064"/>
</kw>
<kw name="ตรวจสอบผลลัพธ์">
<arg>${expected_result}</arg>
<kw name="Wait Until Element Is Visible" library="SeleniumLibrary">
<arg>id=numberAnswerField</arg>
<arg>timeout=10s</arg>
<doc>Waits until the element ``locator`` is visible.</doc>
<status status="PASS" starttime="20220827 17:00:24.065" endtime="20220827 17:00:24.728"/>
</kw>
<kw name="Get Value" library="SeleniumLibrary">
<var>${result}</var>
<arg>id=numberAnswerField</arg>
<doc>Returns the value attribute of the element identified by ``locator``.</doc>
<msg timestamp="20220827 17:00:24.748" level="INFO">${result} = 5</msg>
<status status="PASS" starttime="20220827 17:00:24.728" endtime="20220827 17:00:24.748"/>
</kw>
<kw name="Should Be Equal" library="BuiltIn">
<arg>${result}</arg>
<arg>${expected}</arg>
<doc>Fails if the given objects are unequal.</doc>
<status status="PASS" starttime="20220827 17:00:24.748" endtime="20220827 17:00:24.748"/>
</kw>
<status status="PASS" starttime="20220827 17:00:24.064" endtime="20220827 17:00:24.749"/>
</kw>
<status status="PASS" starttime="20220827 17:00:23.025" endtime="20220827 17:00:24.749"/>
</kw>
<kw name="ตรวจสอบการคำนวณ">
<arg>2</arg>
<arg>2</arg>
<arg>Add</arg>
<arg>3</arg>
<arg>23</arg>
<kw name="เลือกชุดที่ ${build} ในการทดสอบ" sourcename="เลือกชุดที่ ${build} ในการทดสอบ">
<kw name="Scroll Element Into View" library="SeleniumLibrary">
<arg>id=clearButton</arg>
<doc>Scrolls the element identified by ``locator`` into view.</doc>
<status status="PASS" starttime="20220827 17:00:24.750" endtime="20220827 17:00:25.014"/>
</kw>
<kw name="Click Element" library="SeleniumLibrary">
<arg>id=selectBuild</arg>
<doc>Click the element identified by ``locator``.</doc>
<msg timestamp="20220827 17:00:25.014" level="INFO">Clicking element 'id=selectBuild'.</msg>
<status status="PASS" starttime="20220827 17:00:25.014" endtime="20220827 17:00:25.050"/>
</kw>
<kw name="Select From List By Value" library="SeleniumLibrary">
<arg>id=selectBuild</arg>
<arg>${build}</arg>
<doc>Selects options from selection list ``locator`` by ``values``.</doc>
<msg timestamp="20220827 17:00:25.050" level="INFO">Selecting options from selection list 'id=selectBuild' by value 2.</msg>
<status status="PASS" starttime="20220827 17:00:25.050" endtime="20220827 17:00:25.357"/>
</kw>
<status status="PASS" starttime="20220827 17:00:24.749" endtime="20220827 17:00:25.357"/>
</kw>
<kw name="กรอก First number">
<arg>${Input_1}</arg>
<kw name="Input Text" library="SeleniumLibrary">
<arg>name=number1</arg>
<arg>text=${Input}</arg>
<doc>Types the given ``text`` into the text field identified by ``locator``.</doc>
<msg timestamp="20220827 17:00:25.358" level="INFO">Typing text '2' into text field 'name=number1'.</msg>
<status status="PASS" starttime="20220827 17:00:25.357" endtime="20220827 17:00:25.645"/>
</kw>
<status status="PASS" starttime="20220827 17:00:25.357" endtime="20220827 17:00:25.645"/>
</kw>
<kw name="กรอก Second number">
<arg>${Input_2}</arg>
<kw name="Input Text" library="SeleniumLibrary">
<arg>name=number2</arg>
<arg>text=${Input}</arg>
<doc>Types the given ``text`` into the text field identified by ``locator``.</doc>
<msg timestamp="20220827 17:00:25.646" level="INFO">Typing text '3' into text field 'name=number2'.</msg>
<status status="PASS" starttime="20220827 17:00:25.646" endtime="20220827 17:00:25.691"/>
</kw>
<status status="PASS" starttime="20220827 17:00:25.645" endtime="20220827 17:00:25.691"/>
</kw>
<kw name="เลือก Operation">
<arg>${select_operation}</arg>
<kw name="Select From List By Label" library="SeleniumLibrary">
<arg>id=selectOperationDropdown</arg>
<arg>${Operation}</arg>
<doc>Selects options from selection list ``locator`` by ``labels``.</doc>
<msg timestamp="20220827 17:00:25.692" level="INFO">Selecting options from selection list 'id=selectOperationDropdown' by label Add.</msg>
<status status="PASS" starttime="20220827 17:00:25.691" endtime="20220827 17:00:25.721"/>
</kw>
<status status="PASS" starttime="20220827 17:00:25.691" endtime="20220827 17:00:25.721"/>
</kw>
<kw name="กดปุ่ม calculateButton">
<kw name="Click Element" library="SeleniumLibrary">
<arg>id=calculateButton</arg>
<doc>Click the element identified by ``locator``.</doc>
<msg timestamp="20220827 17:00:25.722" level="INFO">Clicking element 'id=calculateButton'.</msg>
<status status="PASS" starttime="20220827 17:00:25.721" endtime="20220827 17:00:25.747"/>
</kw>
<status status="PASS" starttime="20220827 17:00:25.721" endtime="20220827 17:00:25.747"/>
</kw>
<kw name="ตรวจสอบผลลัพธ์">
<arg>${expected_result}</arg>
<kw name="Wait Until Element Is Visible" library="SeleniumLibrary">
<arg>id=numberAnswerField</arg>
<arg>timeout=10s</arg>
<doc>Waits until the element ``locator`` is visible.</doc>
<status status="PASS" starttime="20220827 17:00:25.748" endtime="20220827 17:00:26.414"/>
</kw>
<kw name="Get Value" library="SeleniumLibrary">
<var>${result}</var>
<arg>id=numberAnswerField</arg>
<doc>Returns the value attribute of the element identified by ``locator``.</doc>
<msg timestamp="20220827 17:00:26.425" level="INFO">${result} = 23</msg>
<status status="PASS" starttime="20220827 17:00:26.415" endtime="20220827 17:00:26.425"/>
</kw>
<kw name="Should Be Equal" library="BuiltIn">
<arg>${result}</arg>
<arg>${expected}</arg>
<doc>Fails if the given objects are unequal.</doc>
<status status="PASS" starttime="20220827 17:00:26.425" endtime="20220827 17:00:26.426"/>
</kw>
<status status="PASS" starttime="20220827 17:00:25.747" endtime="20220827 17:00:26.426"/>
</kw>
<status status="PASS" starttime="20220827 17:00:24.749" endtime="20220827 17:00:26.426"/>
</kw>
<kw name="ตรวจสอบการคำนวณ">
<arg>3</arg>
<arg>2</arg>
<arg>Add</arg>
<arg>3</arg>
<arg>5</arg>
<kw name="เลือกชุดที่ ${build} ในการทดสอบ" sourcename="เลือกชุดที่ ${build} ในการทดสอบ">
<kw name="Scroll Element Into View" library="SeleniumLibrary">
<arg>id=clearButton</arg>
<doc>Scrolls the element identified by ``locator`` into view.</doc>
<status status="PASS" starttime="20220827 17:00:26.427" endtime="20220827 17:00:26.691"/>
</kw>
<kw name="Click Element" library="SeleniumLibrary">
<arg>id=selectBuild</arg>
<doc>Click the element identified by ``locator``.</doc>
<msg timestamp="20220827 17:00:26.692" level="INFO">Clicking element 'id=selectBuild'.</msg>
<status status="PASS" starttime="20220827 17:00:26.691" endtime="20220827 17:00:26.728"/>
</kw>
<kw name="Select From List By Value" library="SeleniumLibrary">
<arg>id=selectBuild</arg>
<arg>${build}</arg>
<doc>Selects options from selection list ``locator`` by ``values``.</doc>
<msg timestamp="20220827 17:00:26.728" level="INFO">Selecting options from selection list 'id=selectBuild' by value 3.</msg>
<status status="PASS" starttime="20220827 17:00:26.728" endtime="20220827 17:00:27.023"/>
</kw>
<status status="PASS" starttime="20220827 17:00:26.426" endtime="20220827 17:00:27.023"/>
</kw>
<kw name="กรอก First number">
<arg>${Input_1}</arg>
<kw name="Input Text" library="SeleniumLibrary">
<arg>name=number1</arg>
<arg>text=${Input}</arg>
<doc>Types the given ``text`` into the text field identified by ``locator``.</doc>
<msg timestamp="20220827 17:00:27.024" level="INFO">Typing text '2' into text field 'name=number1'.</msg>
<status status="PASS" starttime="20220827 17:00:27.024" endtime="20220827 17:00:27.312"/>
</kw>
<status status="PASS" starttime="20220827 17:00:27.024" endtime="20220827 17:00:27.313"/>
</kw>
<kw name="กรอก Second number">
<arg>${Input_2}</arg>
<kw name="Input Text" library="SeleniumLibrary">
<arg>name=number2</arg>
<arg>text=${Input}</arg>
<doc>Types the given ``text`` into the text field identified by ``locator``.</doc>
<msg timestamp="20220827 17:00:27.313" level="INFO">Typing text '3' into text field 'name=number2'.</msg>
<status status="PASS" starttime="20220827 17:00:27.313" endtime="20220827 17:00:27.358"/>
</kw>
<status status="PASS" starttime="20220827 17:00:27.313" endtime="20220827 17:00:27.358"/>
</kw>
<kw name="เลือก Operation">
<arg>${select_operation}</arg>
<kw name="Select From List By Label" library="SeleniumLibrary">
<arg>id=selectOperationDropdown</arg>
<arg>${Operation}</arg>
<doc>Selects options from selection list ``locator`` by ``labels``.</doc>
<msg timestamp="20220827 17:00:27.359" level="INFO">Selecting options from selection list 'id=selectOperationDropdown' by label Add.</msg>
<status status="PASS" starttime="20220827 17:00:27.359" endtime="20220827 17:00:27.382"/>
</kw>
<status status="PASS" starttime="20220827 17:00:27.358" endtime="20220827 17:00:27.382"/>
</kw>
<kw name="กดปุ่ม calculateButton">
<kw name="Click Element" library="SeleniumLibrary">
<arg>id=calculateButton</arg>
<doc>Click the element identified by ``locator``.</doc>
<msg timestamp="20220827 17:00:27.382" level="INFO">Clicking element 'id=calculateButton'.</msg>
<status status="PASS" starttime="20220827 17:00:27.382" endtime="20220827 17:00:27.407"/>
</kw>
<status status="PASS" starttime="20220827 17:00:27.382" endtime="20220827 17:00:27.407"/>
</kw>
<kw name="ตรวจสอบผลลัพธ์">
<arg>${expected_result}</arg>
<kw name="Wait Until Element Is Visible" library="SeleniumLibrary">
<arg>id=numberAnswerField</arg>
<arg>timeout=10s</arg>
<doc>Waits until the element ``locator`` is visible.</doc>
<status status="PASS" starttime="20220827 17:00:27.408" endtime="20220827 17:00:28.067"/>
</kw>
<kw name="Get Value" library="SeleniumLibrary">
<var>${result}</var>
<arg>id=numberAnswerField</arg>
<doc>Returns the value attribute of the element identified by ``locator``.</doc>
<msg timestamp="20220827 17:00:28.078" level="INFO">${result} = 5</msg>
<status status="PASS" starttime="20220827 17:00:28.068" endtime="20220827 17:00:28.078"/>
</kw>
<kw name="Should Be Equal" library="BuiltIn">
<arg>${result}</arg>
<arg>${expected}</arg>
<doc>Fails if the given objects are unequal.</doc>
<status status="PASS" starttime="20220827 17:00:28.078" endtime="20220827 17:00:28.079"/>
</kw>
<status status="PASS" starttime="20220827 17:00:27.407" endtime="20220827 17:00:28.079"/>
</kw>
<status status="PASS" starttime="20220827 17:00:26.426" endtime="20220827 17:00:28.079"/>
</kw>
<kw name="ตรวจสอบการคำนวณ">
<arg>4</arg>
<arg>2</arg>
<arg>Add</arg>
<arg>3</arg>
<arg>5</arg>
<kw name="เลือกชุดที่ ${build} ในการทดสอบ" sourcename="เลือกชุดที่ ${build} ในการทดสอบ">
<kw name="Scroll Element Into View" library="SeleniumLibrary">
<arg>id=clearButton</arg>
<doc>Scrolls the element identified by ``locator`` into view.</doc>
<status status="PASS" starttime="20220827 17:00:28.080" endtime="20220827 17:00:28.348"/>
</kw>
<kw name="Click Element" library="SeleniumLibrary">
<arg>id=selectBuild</arg>
<doc>Click the element identified by ``locator``.</doc>
<msg timestamp="20220827 17:00:28.348" level="INFO">Clicking element 'id=selectBuild'.</msg>
<status status="PASS" starttime="20220827 17:00:28.348" endtime="20220827 17:00:28.384"/>
</kw>
<kw name="Select From List By Value" library="SeleniumLibrary">
<arg>id=selectBuild</arg>
<arg>${build}</arg>
<doc>Selects options from selection list ``locator`` by ``values``.</doc>
<msg timestamp="20220827 17:00:28.385" level="INFO">Selecting options from selection list 'id=selectBuild' by value 4.</msg>
<status status="PASS" starttime="20220827 17:00:28.384" endtime="20220827 17:00:28.690"/>
</kw>
<status status="PASS" starttime="20220827 17:00:28.080" endtime="20220827 17:00:28.690"/>
</kw>
<kw name="กรอก First number">
<arg>${Input_1}</arg>
<kw name="Input Text" library="SeleniumLibrary">
<arg>name=number1</arg>
<arg>text=${Input}</arg>
<doc>Types the given ``text`` into the text field identified by ``locator``.</doc>
<msg timestamp="20220827 17:00:28.691" level="INFO">Typing text '2' into text field 'name=number1'.</msg>
<status status="PASS" starttime="20220827 17:00:28.691" endtime="20220827 17:00:28.979"/>
</kw>
<status status="PASS" starttime="20220827 17:00:28.690" endtime="20220827 17:00:28.979"/>
</kw>
<kw name="กรอก Second number">
<arg>${Input_2}</arg>
<kw name="Input Text" library="SeleniumLibrary">
<arg>name=number2</arg>
<arg>text=${Input}</arg>
<doc>Types the given ``text`` into the text field identified by ``locator``.</doc>
<msg timestamp="20220827 17:00:28.980" level="INFO">Typing text '3' into text field 'name=number2'.</msg>
<status status="PASS" starttime="20220827 17:00:28.979" endtime="20220827 17:00:29.023"/>
</kw>
<status status="PASS" starttime="20220827 17:00:28.979" endtime="20220827 17:00:29.023"/>
</kw>
<kw name="เลือก Operation">
<arg>${select_operation}</arg>
<kw name="Select From List By Label" library="SeleniumLibrary">
<arg>id=selectOperationDropdown</arg>
<arg>${Operation}</arg>
<doc>Selects options from selection list ``locator`` by ``labels``.</doc>
<msg timestamp="20220827 17:00:29.024" level="INFO">Selecting options from selection list 'id=selectOperationDropdown' by label Add.</msg>
<status status="PASS" starttime="20220827 17:00:29.024" endtime="20220827 17:00:29.045"/>
</kw>
<status status="PASS" starttime="20220827 17:00:29.024" endtime="20220827 17:00:29.046"/>
</kw>
<kw name="กดปุ่ม calculateButton">
<kw name="Click Element" library="SeleniumLibrary">
<arg>id=calculateButton</arg>
<doc>Click the element identified by ``locator``.</doc>
<msg timestamp="20220827 17:00:29.046" level="INFO">Clicking element 'id=calculateButton'.</msg>
<status status="PASS" starttime="20220827 17:00:29.046" endtime="20220827 17:00:29.070"/>
</kw>
<status status="PASS" starttime="20220827 17:00:29.046" endtime="20220827 17:00:29.070"/>
</kw>
<kw name="ตรวจสอบผลลัพธ์">
<arg>${expected_result}</arg>
<kw name="Wait Until Element Is Visible" library="SeleniumLibrary">
<arg>id=numberAnswerField</arg>
<arg>timeout=10s</arg>
<doc>Waits until the element ``locator`` is visible.</doc>
<status status="PASS" starttime="20220827 17:00:29.070" endtime="20220827 17:00:30.167"/>
</kw>
<kw name="Get Value" library="SeleniumLibrary">
<var>${result}</var>
<arg>id=numberAnswerField</arg>
<doc>Returns the value attribute of the element identified by ``locator``.</doc>
<msg timestamp="20220827 17:00:30.178" level="INFO">${result} = 5</msg>
<status status="PASS" starttime="20220827 17:00:30.167" endtime="20220827 17:00:30.178"/>
</kw>
<kw name="Should Be Equal" library="BuiltIn">
<arg>${result}</arg>
<arg>${expected}</arg>
<doc>Fails if the given objects are unequal.</doc>
<status status="PASS" starttime="20220827 17:00:30.178" endtime="20220827 17:00:30.178"/>
</kw>
<status status="PASS" starttime="20220827 17:00:29.070" endtime="20220827 17:00:30.178"/>
</kw>
<status status="PASS" starttime="20220827 17:00:28.079" endtime="20220827 17:00:30.179"/>
</kw>
<kw name="ตรวจสอบการคำนวณ">
<arg>5</arg>
<arg>2</arg>
<arg>Add</arg>
<arg>3</arg>
<arg>5</arg>
<kw name="เลือกชุดที่ ${build} ในการทดสอบ" sourcename="เลือกชุดที่ ${build} ในการทดสอบ">
<kw name="Scroll Element Into View" library="SeleniumLibrary">
<arg>id=clearButton</arg>
<doc>Scrolls the element identified by ``locator`` into view.</doc>
<status status="PASS" starttime="20220827 17:00:30.179" endtime="20220827 17:00:30.444"/>
</kw>
<kw name="Click Element" library="SeleniumLibrary">
<arg>id=selectBuild</arg>
<doc>Click the element identified by ``locator``.</doc>
<msg timestamp="20220827 17:00:30.445" level="INFO">Clicking element 'id=selectBuild'.</msg>
<status status="PASS" starttime="20220827 17:00:30.445" endtime="20220827 17:00:30.483"/>
</kw>
<kw name="Select From List By Value" library="SeleniumLibrary">
<arg>id=selectBuild</arg>
<arg>${build}</arg>
<doc>Selects options from selection list ``locator`` by ``values``.</doc>
<msg timestamp="20220827 17:00:30.483" level="INFO">Selecting options from selection list 'id=selectBuild' by value 5.</msg>
<status status="PASS" starttime="20220827 17:00:30.483" endtime="20220827 17:00:30.793"/>
</kw>
<status status="PASS" starttime="20220827 17:00:30.179" endtime="20220827 17:00:30.793"/>
</kw>
<kw name="กรอก First number">
<arg>${Input_1}</arg>
<kw name="Input Text" library="SeleniumLibrary">
<arg>name=number1</arg>
<arg>text=${Input}</arg>
<doc>Types the given ``text`` into the text field identified by ``locator``.</doc>
<msg timestamp="20220827 17:00:30.794" level="INFO">Typing text '2' into text field 'name=number1'.</msg>
<status status="PASS" starttime="20220827 17:00:30.794" endtime="20220827 17:00:31.088"/>
</kw>
<status status="PASS" starttime="20220827 17:00:30.793" endtime="20220827 17:00:31.088"/>
</kw>
<kw name="กรอก Second number">
<arg>${Input_2}</arg>
<kw name="Input Text" library="SeleniumLibrary">
<arg>name=number2</arg>
<arg>text=${Input}</arg>
<doc>Types the given ``text`` into the text field identified by ``locator``.</doc>
<msg timestamp="20220827 17:00:31.089" level="INFO">Typing text '3' into text field 'name=number2'.</msg>
<status status="PASS" starttime="20220827 17:00:31.089" endtime="20220827 17:00:31.132"/>
</kw>
<status status="PASS" starttime="20220827 17:00:31.088" endtime="20220827 17:00:31.132"/>
</kw>
<kw name="เลือก Operation">
<arg>${select_operation}</arg>
<kw name="Select From List By Label" library="SeleniumLibrary">
<arg>id=selectOperationDropdown</arg>
<arg>${Operation}</arg>
<doc>Selects options from selection list ``locator`` by ``labels``.</doc>
<msg timestamp="20220827 17:00:31.133" level="INFO">Selecting options from selection list 'id=selectOperationDropdown' by label Add.</msg>
<status status="PASS" starttime="20220827 17:00:31.133" endtime="20220827 17:00:31.155"/>
</kw>
<status status="PASS" starttime="20220827 17:00:31.132" endtime="20220827 17:00:31.155"/>
</kw>
<kw name="กดปุ่ม calculateButton">
<kw name="Click Element" library="SeleniumLibrary">
<arg>id=calculateButton</arg>
<doc>Click the element identified by ``locator``.</doc>
<msg timestamp="20220827 17:00:31.156" level="INFO">Clicking element 'id=calculateButton'.</msg>
<status status="PASS" starttime="20220827 17:00:31.156" endtime="20220827 17:00:31.179"/>
</kw>
<status status="PASS" starttime="20220827 17:00:31.156" endtime="20220827 17:00:31.179"/>
</kw>
<kw name="ตรวจสอบผลลัพธ์">
<arg>${expected_result}</arg>
<kw name="Wait Until Element Is Visible" library="SeleniumLibrary">
<arg>id=numberAnswerField</arg>
<arg>timeout=10s</arg>
<doc>Waits until the element ``locator`` is visible.</doc>
<status status="PASS" starttime="20220827 17:00:31.179" endtime="20220827 17:00:31.657"/>
</kw>
<kw name="Get Value" library="SeleniumLibrary">
<var>${result}</var>
<arg>id=numberAnswerField</arg>
<doc>Returns the value attribute of the element identified by ``locator``.</doc>
<msg timestamp="20220827 17:00:31.668" level="INFO">${result} = 5</msg>
<status status="PASS" starttime="20220827 17:00:31.657" endtime="20220827 17:00:31.669"/>
</kw>
<kw name="Should Be Equal" library="BuiltIn">
<arg>${result}</arg>
<arg>${expected}</arg>
<doc>Fails if the given objects are unequal.</doc>
<status status="PASS" starttime="20220827 17:00:31.669" endtime="20220827 17:00:31.669"/>
</kw>
<status status="PASS" starttime="20220827 17:00:31.179" endtime="20220827 17:00:31.669"/>
</kw>
<status status="PASS" starttime="20220827 17:00:30.179" endtime="20220827 17:00:31.669"/>
</kw>
<kw name="ตรวจสอบการคำนวณ">
<arg>6</arg>
<arg>2</arg>
<arg>Add</arg>
<arg>3</arg>
<arg>5</arg>
<kw name="เลือกชุดที่ ${build} ในการทดสอบ" sourcename="เลือกชุดที่ ${build} ในการทดสอบ">
<kw name="Scroll Element Into View" library="SeleniumLibrary">
<arg>id=clearButton</arg>
<doc>Scrolls the element identified by ``locator`` into view.</doc>
<status status="PASS" starttime="20220827 17:00:31.671" endtime="20220827 17:00:31.954"/>
</kw>
<kw name="Click Element" library="SeleniumLibrary">
<arg>id=selectBuild</arg>
<doc>Click the element identified by ``locator``.</doc>
<msg timestamp="20220827 17:00:31.955" level="INFO">Clicking element 'id=selectBuild'.</msg>
<status status="PASS" starttime="20220827 17:00:31.954" endtime="20220827 17:00:32.005"/>
</kw>
<kw name="Select From List By Value" library="SeleniumLibrary">
<arg>id=selectBuild</arg>
<arg>${build}</arg>
<doc>Selects options from selection list ``locator`` by ``values``.</doc>
<msg timestamp="20220827 17:00:32.006" level="INFO">Selecting options from selection list 'id=selectBuild' by value 6.</msg>
<status status="PASS" starttime="20220827 17:00:32.006" endtime="20220827 17:00:32.343"/>
</kw>
<status status="PASS" starttime="20220827 17:00:31.671" endtime="20220827 17:00:32.344"/>
</kw>
<kw name="กรอก First number">
<arg>${Input_1}</arg>
<kw name="Input Text" library="SeleniumLibrary">
<arg>name=number1</arg>
<arg>text=${Input}</arg>
<doc>Types the given ``text`` into the text field identified by ``locator``.</doc>
<msg timestamp="20220827 17:00:32.346" level="INFO">Typing text '2' into text field 'name=number1'.</msg>
<status status="PASS" starttime="20220827 17:00:32.345" endtime="20220827 17:00:32.674"/>
</kw>
<status status="PASS" starttime="20220827 17:00:32.344" endtime="20220827 17:00:32.674"/>
</kw>
<kw name="กรอก Second number">
<arg>${Input_2}</arg>
<kw name="Input Text" library="SeleniumLibrary">
<arg>name=number2</arg>
<arg>text=${Input}</arg>
<doc>Types the given ``text`` into the text field identified by ``locator``.</doc>
<msg timestamp="20220827 17:00:32.675" level="INFO">Typing text '3' into text field 'name=number2'.</msg>
<status status="PASS" starttime="20220827 17:00:32.675" endtime="20220827 17:00:32.727"/>
</kw>
<status status="PASS" starttime="20220827 17:00:32.674" endtime="20220827 17:00:32.728"/>
</kw>
<kw name="เลือก Operation">
<arg>${select_operation}</arg>
<kw name="Select From List By Label" library="SeleniumLibrary">
<arg>id=selectOperationDropdown</arg>
<arg>${Operation}</arg>
<doc>Selects options from selection list ``locator`` by ``labels``.</doc>
<msg timestamp="20220827 17:00:32.729" level="INFO">Selecting options from selection list 'id=selectOperationDropdown' by label Add.</msg>
<status status="PASS" starttime="20220827 17:00:32.728" endtime="20220827 17:00:32.759"/>
</kw>
<status status="PASS" starttime="20220827 17:00:32.728" endtime="20220827 17:00:32.759"/>
</kw>
<kw name="กดปุ่ม calculateButton">
<kw name="Click Element" library="SeleniumLibrary">
<arg>id=calculateButton</arg>
<doc>Click the element identified by ``locator``.</doc>
<msg timestamp="20220827 17:00:32.760" level="INFO">Clicking element 'id=calculateButton'.</msg>
<status status="PASS" starttime="20220827 17:00:32.760" endtime="20220827 17:00:32.815"/>
</kw>
<status status="PASS" starttime="20220827 17:00:32.759" endtime="20220827 17:00:32.815"/>
</kw>
<kw name="ตรวจสอบผลลัพธ์">
<arg>${expected_result}</arg>
<kw name="Wait Until Element Is Visible" library="SeleniumLibrary">
<arg>id=numberAnswerField</arg>
<arg>timeout=10s</arg>
<doc>Waits until the element ``locator`` is visible.</doc>
<status status="PASS" starttime="20220827 17:00:32.815" endtime="20220827 17:00:33.757"/>
</kw>
<kw name="Get Value" library="SeleniumLibrary">
<var>${result}</var>
<arg>id=numberAnswerField</arg>
<doc>Returns the value attribute of the element identified by ``locator``.</doc>
<msg timestamp="20220827 17:00:33.772" level="INFO">${result} = 5</msg>
<status status="PASS" starttime="20220827 17:00:33.757" endtime="20220827 17:00:33.772"/>
</kw>
<kw name="Should Be Equal" library="BuiltIn">
<arg>${result}</arg>
<arg>${expected}</arg>
<doc>Fails if the given objects are unequal.</doc>
<status status="PASS" starttime="20220827 17:00:33.772" endtime="20220827 17:00:33.773"/>
</kw>
<status status="PASS" starttime="20220827 17:00:32.815" endtime="20220827 17:00:33.774"/>
</kw>
<status status="PASS" starttime="20220827 17:00:31.670" endtime="20220827 17:00:33.774"/>
</kw>
<kw name="ตรวจสอบการคำนวณ">
<arg>7</arg>
<arg>2</arg>
<arg>Add</arg>
<arg>3</arg>
<arg>8</arg>
<kw name="เลือกชุดที่ ${build} ในการทดสอบ" sourcename="เลือกชุดที่ ${build} ในการทดสอบ">
<kw name="Scroll Element Into View" library="SeleniumLibrary">
<arg>id=clearButton</arg>
<doc>Scrolls the element identified by ``locator`` into view.</doc>
<status status="PASS" starttime="20220827 17:00:33.775" endtime="20220827 17:00:34.043"/>
</kw>
<kw name="Click Element" library="SeleniumLibrary">
<arg>id=selectBuild</arg>
<doc>Click the element identified by ``locator``.</doc>
<msg timestamp="20220827 17:00:34.044" level="INFO">Clicking element 'id=selectBuild'.</msg>
<status status="PASS" starttime="20220827 17:00:34.044" endtime="20220827 17:00:34.082"/>
</kw>
<kw name="Select From List By Value" library="SeleniumLibrary">
<arg>id=selectBuild</arg>
<arg>${build}</arg>
<doc>Selects options from selection list ``locator`` by ``values``.</doc>
<msg timestamp="20220827 17:00:34.082" level="INFO">Selecting options from selection list 'id=selectBuild' by value 7.</msg>
<status status="PASS" starttime="20220827 17:00:34.082" endtime="20220827 17:00:34.392"/>
</kw>
<status status="PASS" starttime="20220827 17:00:33.775" endtime="20220827 17:00:34.392"/>
</kw>
<kw name="กรอก First number">
<arg>${Input_1}</arg>
<kw name="Input Text" library="SeleniumLibrary">
<arg>name=number1</arg>
<arg>text=${Input}</arg>
<doc>Types the given ``text`` into the text field identified by ``locator``.</doc>
<msg timestamp="20220827 17:00:34.393" level="INFO">Typing text '2' into text field 'name=number1'.</msg>
<status status="PASS" starttime="20220827 17:00:34.393" endtime="20220827 17:00:34.682"/>
</kw>
<status status="PASS" starttime="20220827 17:00:34.393" endtime="20220827 17:00:34.682"/>
</kw>
<kw name="กรอก Second number">
<arg>${Input_2}</arg>
<kw name="Input Text" library="SeleniumLibrary">
<arg>name=number2</arg>
<arg>text=${Input}</arg>
<doc>Types the given ``text`` into the text field identified by ``locator``.</doc>
<msg timestamp="20220827 17:00:34.683" level="INFO">Typing text '3' into text field 'name=number2'.</msg>
<status status="PASS" starttime="20220827 17:00:34.682" endtime="20220827 17:00:34.724"/>
</kw>
<status status="PASS" starttime="20220827 17:00:34.682" endtime="20220827 17:00:34.724"/>
</kw>
<kw name="เลือก Operation">
<arg>${select_operation}</arg>
<kw name="Select From List By Label" library="SeleniumLibrary">
<arg>id=selectOperationDropdown</arg>
<arg>${Operation}</arg>
<doc>Selects options from selection list ``locator`` by ``labels``.</doc>
<msg timestamp="20220827 17:00:34.726" level="INFO">Selecting options from selection list 'id=selectOperationDropdown' by label Add.</msg>
<status status="PASS" starttime="20220827 17:00:34.725" endtime="20220827 17:00:34.750"/>
</kw>
<status status="PASS" starttime="20220827 17:00:34.725" endtime="20220827 17:00:34.750"/>
</kw>
<kw name="กดปุ่ม calculateButton">
<kw name="Click Element" library="SeleniumLibrary">
<arg>id=calculateButton</arg>
<doc>Click the element identified by ``locator``.</doc>
<msg timestamp="20220827 17:00:34.751" level="INFO">Clicking element 'id=calculateButton'.</msg>
<status status="PASS" starttime="20220827 17:00:34.751" endtime="20220827 17:00:34.773"/>
</kw>
<status status="PASS" starttime="20220827 17:00:34.750" endtime="20220827 17:00:34.773"/>
</kw>
<kw name="ตรวจสอบผลลัพธ์">
<arg>${expected_result}</arg>
<kw name="Wait Until Element Is Visible" library="SeleniumLibrary">
<arg>id=numberAnswerField</arg>
<arg>timeout=10s</arg>
<doc>Waits until the element ``locator`` is visible.</doc>
<status status="PASS" starttime="20220827 17:00:34.774" endtime="20220827 17:00:35.219"/>
</kw>
<kw name="Get Value" library="SeleniumLibrary">
<var>${result}</var>
<arg>id=numberAnswerField</arg>
<doc>Returns the value attribute of the element identified by ``locator``.</doc>
<msg timestamp="20220827 17:00:35.231" level="INFO">${result} = 8</msg>
<status status="PASS" starttime="20220827 17:00:35.220" endtime="20220827 17:00:35.231"/>
</kw>
<kw name="Should Be Equal" library="BuiltIn">
<arg>${result}</arg>
<arg>${expected}</arg>
<doc>Fails if the given objects are unequal.</doc>
<status status="PASS" starttime="20220827 17:00:35.231" endtime="20220827 17:00:35.232"/>
</kw>
<status status="PASS" starttime="20220827 17:00:34.774" endtime="20220827 17:00:35.232"/>
</kw>
<status status="PASS" starttime="20220827 17:00:33.774" endtime="20220827 17:00:35.232"/>
</kw>
<kw name="ตรวจสอบการคำนวณ">
<arg>8</arg>
<arg>2</arg>
<arg>Add</arg>
<arg>3</arg>
<arg>5</arg>
<kw name="เลือกชุดที่ ${build} ในการทดสอบ" sourcename="เลือกชุดที่ ${build} ในการทดสอบ">
<kw name="Scroll Element Into View" library="SeleniumLibrary">
<arg>id=clearButton</arg>
<doc>Scrolls the element identified by ``locator`` into view.</doc>
<status status="PASS" starttime="20220827 17:00:35.233" endtime="20220827 17:00:35.508"/>
</kw>
<kw name="Click Element" library="SeleniumLibrary">
<arg>id=selectBuild</arg>
<doc>Click the element identified by ``locator``.</doc>
<msg timestamp="20220827 17:00:35.509" level="INFO">Clicking element 'id=selectBuild'.</msg>
<status status="PASS" starttime="20220827 17:00:35.508" endtime="20220827 17:00:35.546"/>
</kw>
<kw name="Select From List By Value" library="SeleniumLibrary">
<arg>id=selectBuild</arg>
<arg>${build}</arg>
<doc>Selects options from selection list ``locator`` by ``values``.</doc>
<msg timestamp="20220827 17:00:35.546" level="INFO">Selecting options from selection list 'id=selectBuild' by value 8.</msg>
<status status="PASS" starttime="20220827 17:00:35.546" endtime="20220827 17:00:35.853"/>
</kw>
<status status="PASS" starttime="20220827 17:00:35.232" endtime="20220827 17:00:35.853"/>
</kw>
<kw name="กรอก First number">
<arg>${Input_1}</arg>
<kw name="Input Text" library="SeleniumLibrary">
<arg>name=number1</arg>
<arg>text=${Input}</arg>
<doc>Types the given ``text`` into the text field identified by ``locator``.</doc>
<msg timestamp="20220827 17:00:35.854" level="INFO">Typing text '2' into text field 'name=number1'.</msg>
<status status="PASS" starttime="20220827 17:00:35.854" endtime="20220827 17:00:36.140"/>
</kw>
<status status="PASS" starttime="20220827 17:00:35.853" endtime="20220827 17:00:36.140"/>
</kw>
<kw name="กรอก Second number">
<arg>${Input_2}</arg>
<kw name="Input Text" library="SeleniumLibrary">
<arg>name=number2</arg>
<arg>text=${Input}</arg>
<doc>Types the given ``text`` into the text field identified by ``locator``.</doc>
<msg timestamp="20220827 17:00:36.141" level="INFO">Typing text '3' into text field 'name=number2'.</msg>
<status status="PASS" starttime="20220827 17:00:36.141" endtime="20220827 17:00:36.188"/>
</kw>
<status status="PASS" starttime="20220827 17:00:36.140" endtime="20220827 17:00:36.188"/>
</kw>
<kw name="เลือก Operation">
<arg>${select_operation}</arg>
<kw name="Select From List By Label" library="SeleniumLibrary">
<arg>id=selectOperationDropdown</arg>
<arg>${Operation}</arg>
<doc>Selects options from selection list ``locator`` by ``labels``.</doc>
<msg timestamp="20220827 17:00:36.189" level="INFO">Selecting options from selection list 'id=selectOperationDropdown' by label Add.</msg>
<status status="PASS" starttime="20220827 17:00:36.188" endtime="20220827 17:00:36.210"/>
</kw>
<status status="PASS" starttime="20220827 17:00:36.188" endtime="20220827 17:00:36.211"/>
</kw>
<kw name="กดปุ่ม calculateButton">
<kw name="Click Element" library="SeleniumLibrary">
<arg>id=calculateButton</arg>
<doc>Click the element identified by ``locator``.</doc>
<msg timestamp="20220827 17:00:36.211" level="INFO">Clicking element 'id=calculateButton'.</msg>
<status status="PASS" starttime="20220827 17:00:36.211" endtime="20220827 17:00:36.235"/>
</kw>
<status status="PASS" starttime="20220827 17:00:36.211" endtime="20220827 17:00:36.235"/>
</kw>
<kw name="ตรวจสอบผลลัพธ์">
<arg>${expected_result}</arg>
<kw name="Wait Until Element Is Visible" library="SeleniumLibrary">
<arg>id=numberAnswerField</arg>
<arg>timeout=10s</arg>
<doc>Waits until the element ``locator`` is visible.</doc>
<status status="PASS" starttime="20220827 17:00:36.236" endtime="20220827 17:00:36.899"/>
</kw>
<kw name="Get Value" library="SeleniumLibrary">
<var>${result}</var>
<arg>id=numberAnswerField</arg>
<doc>Returns the value attribute of the element identified by ``locator``.</doc>
<msg timestamp="20220827 17:00:36.909" level="INFO">${result} = 5</msg>
<status status="PASS" starttime="20220827 17:00:36.899" endtime="20220827 17:00:36.909"/>
</kw>
<kw name="Should Be Equal" library="BuiltIn">
<arg>${result}</arg>
<arg>${expected}</arg>
<doc>Fails if the given objects are unequal.</doc>
<status status="PASS" starttime="20220827 17:00:36.909" endtime="20220827 17:00:36.910"/>
</kw>
<status status="PASS" starttime="20220827 17:00:36.236" endtime="20220827 17:00:36.910"/>
</kw>
<status status="PASS" starttime="20220827 17:00:35.232" endtime="20220827 17:00:36.910"/>
</kw>
<kw name="กดปุ่ม Clear" type="TEARDOWN">
<kw name="Click Element" library="SeleniumLibrary">
<arg>id=clearButton</arg>
<doc>Click the element identified by ``locator``.</doc>
<msg timestamp="20220827 17:00:36.911" level="INFO">Clicking element 'id=clearButton'.</msg>
<status status="PASS" starttime="20220827 17:00:36.910" endtime="20220827 17:00:36.939"/>
</kw>
<kw name="Get Value" library="SeleniumLibrary">
<var>${result}</var>
<arg>id=numberAnswerField</arg>
<doc>Returns the value attribute of the element identified by ``locator``.</doc>
<msg timestamp="20220827 17:00:36.950" level="INFO">${result} = </msg>
<status status="PASS" starttime="20220827 17:00:36.939" endtime="20220827 17:00:36.950"/>
</kw>
<kw name="Log" library="BuiltIn">
<arg>${result}</arg>
<doc>Logs the given message with the given level.</doc>
<msg timestamp="20220827 17:00:36.950" level="INFO"/>
<status status="PASS" starttime="20220827 17:00:36.950" endtime="20220827 17:00:36.950"/>
</kw>
<kw name="Log" library="BuiltIn">
<arg>${EMPTY}</arg>
<doc>Logs the given message with the given level.</doc>
<msg timestamp="20220827 17:00:36.951" level="INFO"/>
<status status="PASS" starttime="20220827 17:00:36.950" endtime="20220827 17:00:36.951"/>
</kw>
<kw name="Run Keyword If" library="BuiltIn">
<arg>'${result}' != '${EMPTY}'</arg>
<arg>Clear Element Text</arg>
<arg>Else</arg>
<arg>Log to console</arg>
<arg>Clear</arg>
<doc>Runs the given keyword with the given arguments, if ``condition`` is true.</doc>
<status status="PASS" starttime="20220827 17:00:36.951" endtime="20220827 17:00:36.951"/>
</kw>
<status status="PASS" starttime="20220827 17:00:36.910" endtime="20220827 17:00:36.952"/>
</kw>
<status status="PASS" starttime="20220827 17:00:23.024" endtime="20220827 17:00:36.952"/>
</test>
<test id="s1-t8" name="ทดสอบการ ลบ ในแต่ละ build">
<kw name="ตรวจสอบการคำนวณ">
<arg>1</arg>
<arg>2</arg>
<arg>Subtract</arg>
<arg>3</arg>
<arg>-1</arg>
<kw name="เลือกชุดที่ ${build} ในการทดสอบ" sourcename="เลือกชุดที่ ${build} ในการทดสอบ">
<kw name="Scroll Element Into View" library="SeleniumLibrary">
<arg>id=clearButton</arg>
<doc>Scrolls the element identified by ``locator`` into view.</doc>
<status status="PASS" starttime="20220827 17:00:36.955" endtime="20220827 17:00:37.225"/>
</kw>
<kw name="Click Element" library="SeleniumLibrary">
<arg>id=selectBuild</arg>
<doc>Click the element identified by ``locator``.</doc>
<msg timestamp="20220827 17:00:37.226" level="INFO">Clicking element 'id=selectBuild'.</msg>
<status status="PASS" starttime="20220827 17:00:37.225" endtime="20220827 17:00:37.265"/>
</kw>
<kw name="Select From List By Value" library="SeleniumLibrary">
<arg>id=selectBuild</arg>
<arg>${build}</arg>
<doc>Selects options from selection list ``locator`` by ``values``.</doc>
<msg timestamp="20220827 17:00:37.265" level="INFO">Selecting options from selection list 'id=selectBuild' by value 1.</msg>
<status status="PASS" starttime="20220827 17:00:37.265" endtime="20220827 17:00:37.557"/>
</kw>
<status status="PASS" starttime="20220827 17:00:36.954" endtime="20220827 17:00:37.557"/>
</kw>
<kw name="กรอก First number">
<arg>${Input_1}</arg>
<kw name="Input Text" library="SeleniumLibrary">
<arg>name=number1</arg>
<arg>text=${Input}</arg>
<doc>Types the given ``text`` into the text field identified by ``locator``.</doc>
<msg timestamp="20220827 17:00:37.558" level="INFO">Typing text '2' into text field 'name=number1'.</msg>
<status status="PASS" starttime="20220827 17:00:37.558" endtime="20220827 17:00:37.846"/>
</kw>
<status status="PASS" starttime="20220827 17:00:37.557" endtime="20220827 17:00:37.846"/>
</kw>
<kw name="กรอก Second number">
<arg>${Input_2}</arg>
<kw name="Input Text" library="SeleniumLibrary">
<arg>name=number2</arg>
<arg>text=${Input}</arg>
<doc>Types the given ``text`` into the text field identified by ``locator``.</doc>
<msg timestamp="20220827 17:00:37.847" level="INFO">Typing text '3' into text field 'name=number2'.</msg>
<status status="PASS" starttime="20220827 17:00:37.846" endtime="20220827 17:00:37.890"/>
</kw>
<status status="PASS" starttime="20220827 17:00:37.846" endtime="20220827 17:00:37.890"/>
</kw>
<kw name="เลือก Operation">
<arg>${select_operation}</arg>
<kw name="Select From List By Label" library="SeleniumLibrary">
<arg>id=selectOperationDropdown</arg>
<arg>${Operation}</arg>
<doc>Selects options from selection list ``locator`` by ``labels``.</doc>
<msg timestamp="20220827 17:00:37.891" level="INFO">Selecting options from selection list 'id=selectOperationDropdown' by label Subtract.</msg>
<status status="PASS" starttime="20220827 17:00:37.891" endtime="20220827 17:00:37.924"/>
</kw>
<status status="PASS" starttime="20220827 17:00:37.890" endtime="20220827 17:00:37.925"/>
</kw>
<kw name="กดปุ่ม calculateButton">
<kw name="Click Element" library="SeleniumLibrary">
<arg>id=calculateButton</arg>
<doc>Click the element identified by ``locator``.</doc>
<msg timestamp="20220827 17:00:37.925" level="INFO">Clicking element 'id=calculateButton'.</msg>
<status status="PASS" starttime="20220827 17:00:37.925" endtime="20220827 17:00:37.950"/>
</kw>
<status status="PASS" starttime="20220827 17:00:37.925" endtime="20220827 17:00:37.950"/>
</kw>
<kw name="ตรวจสอบผลลัพธ์">
<arg>${expected_result}</arg>
<kw name="Wait Until Element Is Visible" library="SeleniumLibrary">
<arg>id=numberAnswerField</arg>
<arg>timeout=10s</arg>
<doc>Waits until the element ``locator`` is visible.</doc>
<status status="PASS" starttime="20220827 17:00:37.951" endtime="20220827 17:00:38.618"/>
</kw>
<kw name="Get Value" library="SeleniumLibrary">
<var>${result}</var>
<arg>id=numberAnswerField</arg>
<doc>Returns the value attribute of the element identified by ``locator``.</doc>
<msg timestamp="20220827 17:00:38.629" level="INFO">${result} = -1</msg>
<status status="PASS" starttime="20220827 17:00:38.618" endtime="20220827 17:00:38.629"/>
</kw>
<kw name="Should Be Equal" library="BuiltIn">
<arg>${result}</arg>
<arg>${expected}</arg>
<doc>Fails if the given objects are unequal.</doc>
<status status="PASS" starttime="20220827 17:00:38.629" endtime="20220827 17:00:38.629"/>
</kw>
<status status="PASS" starttime="20220827 17:00:37.951" endtime="20220827 17:00:38.630"/>
</kw>
<status status="PASS" starttime="20220827 17:00:36.954" endtime="20220827 17:00:38.630"/>
</kw>
<kw name="ตรวจสอบการคำนวณ">
<arg>2</arg>
<arg>2</arg>
<arg>Subtract</arg>
<arg>3</arg>
<arg>-1</arg>
<kw name="เลือกชุดที่ ${build} ในการทดสอบ" sourcename="เลือกชุดที่ ${build} ในการทดสอบ">
<kw name="Scroll Element Into View" library="SeleniumLibrary">
<arg>id=clearButton</arg>
<doc>Scrolls the element identified by ``locator`` into view.</doc>
<status status="PASS" starttime="20220827 17:00:38.630" endtime="20220827 17:00:38.896"/>
</kw>
<kw name="Click Element" library="SeleniumLibrary">
<arg>id=selectBuild</arg>
<doc>Click the element identified by ``locator``.</doc>
<msg timestamp="20220827 17:00:38.896" level="INFO">Clicking element 'id=selectBuild'.</msg>
<status status="PASS" starttime="20220827 17:00:38.896" endtime="20220827 17:00:38.934"/>
</kw>
<kw name="Select From List By Value" library="SeleniumLibrary">
<arg>id=selectBuild</arg>
<arg>${build}</arg>
<doc>Selects options from selection list ``locator`` by ``values``.</doc>
<msg timestamp="20220827 17:00:38.934" level="INFO">Selecting options from selection list 'id=selectBuild' by value 2.</msg>
<status status="PASS" starttime="20220827 17:00:38.934" endtime="20220827 17:00:39.219"/>
</kw>
<status status="PASS" starttime="20220827 17:00:38.630" endtime="20220827 17:00:39.220"/>
</kw>
<kw name="กรอก First number">
<arg>${Input_1}</arg>
<kw name="Input Text" library="SeleniumLibrary">
<arg>name=number1</arg>
<arg>text=${Input}</arg>
<doc>Types the given ``text`` into the text field identified by ``locator``.</doc>
<msg timestamp="20220827 17:00:39.221" level="INFO">Typing text '2' into text field 'name=number1'.</msg>
<status status="PASS" starttime="20220827 17:00:39.220" endtime="20220827 17:00:39.510"/>
</kw>
<status status="PASS" starttime="20220827 17:00:39.220" endtime="20220827 17:00:39.510"/>
</kw>
<kw name="กรอก Second number">
<arg>${Input_2}</arg>
<kw name="Input Text" library="SeleniumLibrary">
<arg>name=number2</arg>
<arg>text=${Input}</arg>
<doc>Types the given ``text`` into the text field identified by ``locator``.</doc>
<msg timestamp="20220827 17:00:39.511" level="INFO">Typing text '3' into text field 'name=number2'.</msg>
<status status="PASS" starttime="20220827 17:00:39.511" endtime="20220827 17:00:39.565"/>
</kw>
<status status="PASS" starttime="20220827 17:00:39.510" endtime="20220827 17:00:39.565"/>
</kw>
<kw name="เลือก Operation">
<arg>${select_operation}</arg>
<kw name="Select From List By Label" library="SeleniumLibrary">
<arg>id=selectOperationDropdown</arg>
<arg>${Operation}</arg>
<doc>Selects options from selection list ``locator`` by ``labels``.</doc>
<msg timestamp="20220827 17:00:39.566" level="INFO">Selecting options from selection list 'id=selectOperationDropdown' by label Subtract.</msg>
<status status="PASS" starttime="20220827 17:00:39.566" endtime="20220827 17:00:39.589"/>
</kw>
<status status="PASS" starttime="20220827 17:00:39.565" endtime="20220827 17:00:39.589"/>
</kw>
<kw name="กดปุ่ม calculateButton">
<kw name="Click Element" library="SeleniumLibrary">
<arg>id=calculateButton</arg>
<doc>Click the element identified by ``locator``.</doc>
<msg timestamp="20220827 17:00:39.589" level="INFO">Clicking element 'id=calculateButton'.</msg>
<status status="PASS" starttime="20220827 17:00:39.589" endtime="20220827 17:00:39.612"/>
</kw>
<status status="PASS" starttime="20220827 17:00:39.589" endtime="20220827 17:00:39.612"/>
</kw>
<kw name="ตรวจสอบผลลัพธ์">
<arg>${expected_result}</arg>
<kw name="Wait Until Element Is Visible" library="SeleniumLibrary">
<arg>id=numberAnswerField</arg>
<arg>timeout=10s</arg>
<doc>Waits until the element ``locator`` is visible.</doc>
<status status="PASS" starttime="20220827 17:00:39.612" endtime="20220827 17:00:40.278"/>
</kw>
<kw name="Get Value" library="SeleniumLibrary">
<var>${result}</var>
<arg>id=numberAnswerField</arg>
<doc>Returns the value attribute of the element identified by ``locator``.</doc>
<msg timestamp="20220827 17:00:40.289" level="INFO">${result} = -1</msg>
<status status="PASS" starttime="20220827 17:00:40.278" endtime="20220827 17:00:40.289"/>
</kw>
<kw name="Should Be Equal" library="BuiltIn">
<arg>${result}</arg>
<arg>${expected}</arg>
<doc>Fails if the given objects are unequal.</doc>
<status status="PASS" starttime="20220827 17:00:40.289" endtime="20220827 17:00:40.289"/>
</kw>
<status status="PASS" starttime="20220827 17:00:39.612" endtime="20220827 17:00:40.289"/>
</kw>
<status status="PASS" starttime="20220827 17:00:38.630" endtime="20220827 17:00:40.290"/>
</kw>
<kw name="ตรวจสอบการคำนวณ">
<arg>3</arg>
<arg>2</arg>
<arg>Subtract</arg>
<arg>3</arg>
<arg>-1</arg>
<kw name="เลือกชุดที่ ${build} ในการทดสอบ" sourcename="เลือกชุดที่ ${build} ในการทดสอบ">
<kw name="Scroll Element Into View" library="SeleniumLibrary">
<arg>id=clearButton</arg>
[...]
<kw name="Get Value" library="SeleniumLibrary">
<var>${result}</var>
<arg>id=numberAnswerField</arg>
<doc>Returns the value attribute of the element identified by ``locator``.</doc>
<msg timestamp="20220827 17:01:42.618" level="INFO">${result} = </msg>
<status status="PASS" starttime="20220827 17:01:42.607" endtime="20220827 17:01:42.618"/>
</kw>
<kw name="Log" library="BuiltIn">
<arg>${result}</arg>
<doc>Logs the given message with the given level.</doc>
<msg timestamp="20220827 17:01:42.619" level="INFO"/>
<status status="PASS" starttime="20220827 17:01:42.619" endtime="20220827 17:01:42.619"/>
</kw>
<kw name="Log" library="BuiltIn">
<arg>${EMPTY}</arg>
<doc>Logs the given message with the given level.</doc>
<msg timestamp="20220827 17:01:42.620" level="INFO"/>
<status status="PASS" starttime="20220827 17:01:42.619" endtime="20220827 17:01:42.620"/>
</kw>
<kw name="Run Keyword If" library="BuiltIn">
<arg>'${result}' != '${EMPTY}'</arg>
<arg>Clear Element Text</arg>
<arg>Else</arg>
<arg>Log to console</arg>
<arg>Clear</arg>
<doc>Runs the given keyword with the given arguments, if ``condition`` is true.</doc>
<status status="PASS" starttime="20220827 17:01:42.620" endtime="20220827 17:01:42.620"/>
</kw>
<status status="PASS" starttime="20220827 17:01:42.568" endtime="20220827 17:01:42.620"/>
</kw>
<status status="PASS" starttime="20220827 17:01:28.552" endtime="20220827 17:01:42.621"/>
</test>
<test id="s1-t12" name="ทดสอบใน build 9">
<kw name="ตรวจสอบการคำนวณ ชุดที่ 9">
<arg>2</arg>
<arg>Add</arg>
<arg>3</arg>
<arg>${EMPTY}</arg>
<kw name="เลือกชุดที่ 9 ในการทดสอบ" sourcename="เลือกชุดที่ ${build} ในการทดสอบ">
<kw name="Scroll Element Into View" library="SeleniumLibrary">
<arg>id=clearButton</arg>
<doc>Scrolls the element identified by ``locator`` into view.</doc>
<status status="PASS" starttime="20220827 17:01:42.623" endtime="20220827 17:01:42.893"/>
</kw>
<kw name="Click Element" library="SeleniumLibrary">
<arg>id=selectBuild</arg>
<doc>Click the element identified by ``locator``.</doc>
<msg timestamp="20220827 17:01:42.893" level="INFO">Clicking element 'id=selectBuild'.</msg>
<status status="PASS" starttime="20220827 17:01:42.893" endtime="20220827 17:01:42.931"/>
</kw>
<kw name="Select From List By Value" library="SeleniumLibrary">
<arg>id=selectBuild</arg>
<arg>${build}</arg>
<doc>Selects options from selection list ``locator`` by ``values``.</doc>
<msg timestamp="20220827 17:01:42.931" level="INFO">Selecting options from selection list 'id=selectBuild' by value 9.</msg>
<status status="PASS" starttime="20220827 17:01:42.931" endtime="20220827 17:01:43.240"/>
</kw>
<status status="PASS" starttime="20220827 17:01:42.623" endtime="20220827 17:01:43.240"/>
</kw>
<kw name="กรอก First number">
<arg>${Input_1}</arg>
<kw name="Input Text" library="SeleniumLibrary">
<arg>name=number1</arg>
<arg>text=${Input}</arg>
<doc>Types the given ``text`` into the text field identified by ``locator``.</doc>
<msg timestamp="20220827 17:01:43.241" level="INFO">Typing text '2' into text field 'name=number1'.</msg>
<status status="PASS" starttime="20220827 17:01:43.241" endtime="20220827 17:01:43.528"/>
</kw>
<status status="PASS" starttime="20220827 17:01:43.240" endtime="20220827 17:01:43.528"/>
</kw>
<kw name="เลือก Operation">
<arg>${select_operation}</arg>
<kw name="Select From List By Label" library="SeleniumLibrary">
<arg>id=selectOperationDropdown</arg>
<arg>${Operation}</arg>
<doc>Selects options from selection list ``locator`` by ``labels``.</doc>
<msg timestamp="20220827 17:01:43.529" level="INFO">Selecting options from selection list 'id=selectOperationDropdown' by label Add.</msg>
<status status="PASS" starttime="20220827 17:01:43.529" endtime="20220827 17:01:43.577"/>
</kw>
<status status="PASS" starttime="20220827 17:01:43.528" endtime="20220827 17:01:43.577"/>
</kw>
<kw name="ตรวจสอบปุ่ม calculateButton">
<kw name="Element Should Not Be Visible" library="SeleniumLibrary">
<arg>id=calculateButton</arg>
<doc>Verifies that the element identified by ``locator`` is NOT visible.</doc>
<msg timestamp="20220827 17:01:43.590" level="INFO">Element 'id=calculateButton' exists but is not displayed.</msg>
<status status="PASS" starttime="20220827 17:01:43.578" endtime="20220827 17:01:43.590"/>
</kw>
<status status="PASS" starttime="20220827 17:01:43.578" endtime="20220827 17:01:43.590"/>
</kw>
<kw name="ตรวจสอบผลลัพธ์">
<arg>${expected_result}</arg>
<kw name="Wait Until Element Is Visible" library="SeleniumLibrary">
<arg>id=numberAnswerField</arg>
<arg>timeout=10s</arg>
<doc>Waits until the element ``locator`` is visible.</doc>
<status status="PASS" starttime="20220827 17:01:43.590" endtime="20220827 17:01:43.602"/>
</kw>
<kw name="Get Value" library="SeleniumLibrary">
<var>${result}</var>
<arg>id=numberAnswerField</arg>
<doc>Returns the value attribute of the element identified by ``locator``.</doc>
<msg timestamp="20220827 17:01:43.612" level="INFO">${result} = </msg>
<status status="PASS" starttime="20220827 17:01:43.602" endtime="20220827 17:01:43.612"/>
</kw>
<kw name="Should Be Equal" library="BuiltIn">
<arg>${result}</arg>
<arg>${expected}</arg>
<doc>Fails if the given objects are unequal.</doc>
<status status="PASS" starttime="20220827 17:01:43.612" endtime="20220827 17:01:43.613"/>
</kw>
<status status="PASS" starttime="20220827 17:01:43.590" endtime="20220827 17:01:43.613"/>
</kw>
<status status="PASS" starttime="20220827 17:01:42.622" endtime="20220827 17:01:43.613"/>
</kw>
<kw name="ตรวจสอบการคำนวณ ชุดที่ 9">
<arg>2</arg>
<arg>Subtract</arg>
<arg>3</arg>
<arg>${EMPTY}</arg>
<kw name="เลือกชุดที่ 9 ในการทดสอบ" sourcename="เลือกชุดที่ ${build} ในการทดสอบ">
<kw name="Scroll Element Into View" library="SeleniumLibrary">
<arg>id=clearButton</arg>
<doc>Scrolls the element identified by ``locator`` into view.</doc>
<status status="PASS" starttime="20220827 17:01:43.614" endtime="20220827 17:01:43.880"/>
</kw>
<kw name="Click Element" library="SeleniumLibrary">
<arg>id=selectBuild</arg>
<doc>Click the element identified by ``locator``.</doc>
<msg timestamp="20220827 17:01:43.880" level="INFO">Clicking element 'id=selectBuild'.</msg>
<status status="PASS" starttime="20220827 17:01:43.880" endtime="20220827 17:01:43.916"/>
</kw>
<kw name="Select From List By Value" library="SeleniumLibrary">
<arg>id=selectBuild</arg>
<arg>${build}</arg>
<doc>Selects options from selection list ``locator`` by ``values``.</doc>
<msg timestamp="20220827 17:01:43.916" level="INFO">Selecting options from selection list 'id=selectBuild' by value 9.</msg>
<status status="PASS" starttime="20220827 17:01:43.916" endtime="20220827 17:01:43.940"/>
</kw>
<status status="PASS" starttime="20220827 17:01:43.614" endtime="20220827 17:01:43.940"/>
</kw>
<kw name="กรอก First number">
<arg>${Input_1}</arg>
<kw name="Input Text" library="SeleniumLibrary">
<arg>name=number1</arg>
<arg>text=${Input}</arg>
<doc>Types the given ``text`` into the text field identified by ``locator``.</doc>
<msg timestamp="20220827 17:01:43.941" level="INFO">Typing text '2' into text field 'name=number1'.</msg>
<status status="PASS" starttime="20220827 17:01:43.941" endtime="20220827 17:01:44.234"/>
</kw>
<status status="PASS" starttime="20220827 17:01:43.941" endtime="20220827 17:01:44.234"/>
</kw>
<kw name="เลือก Operation">
<arg>${select_operation}</arg>
<kw name="Select From List By Label" library="SeleniumLibrary">
<arg>id=selectOperationDropdown</arg>
<arg>${Operation}</arg>
<doc>Selects options from selection list ``locator`` by ``labels``.</doc>
<msg timestamp="20220827 17:01:44.235" level="INFO">Selecting options from selection list 'id=selectOperationDropdown' by label Subtract.</msg>
<status status="PASS" starttime="20220827 17:01:44.235" endtime="20220827 17:01:44.295"/>
</kw>
<status status="PASS" starttime="20220827 17:01:44.234" endtime="20220827 17:01:44.295"/>
</kw>
<kw name="ตรวจสอบปุ่ม calculateButton">
<kw name="Element Should Not Be Visible" library="SeleniumLibrary">
<arg>id=calculateButton</arg>
<doc>Verifies that the element identified by ``locator`` is NOT visible.</doc>
<msg timestamp="20220827 17:01:44.309" level="INFO">Element 'id=calculateButton' exists but is not displayed.</msg>
<status status="PASS" starttime="20220827 17:01:44.296" endtime="20220827 17:01:44.309"/>
</kw>
<status status="PASS" starttime="20220827 17:01:44.295" endtime="20220827 17:01:44.309"/>
</kw>
<kw name="ตรวจสอบผลลัพธ์">
<arg>${expected_result}</arg>
<kw name="Wait Until Element Is Visible" library="SeleniumLibrary">
<arg>id=numberAnswerField</arg>
<arg>timeout=10s</arg>
<doc>Waits until the element ``locator`` is visible.</doc>
<status status="PASS" starttime="20220827 17:01:44.310" endtime="20220827 17:01:44.324"/>
</kw>
<kw name="Get Value" library="SeleniumLibrary">
<var>${result}</var>
<arg>id=numberAnswerField</arg>
<doc>Returns the value attribute of the element identified by ``locator``.</doc>
<msg timestamp="20220827 17:01:44.336" level="INFO">${result} = </msg>
<status status="PASS" starttime="20220827 17:01:44.324" endtime="20220827 17:01:44.336"/>
</kw>
<kw name="Should Be Equal" library="BuiltIn">
<arg>${result}</arg>
<arg>${expected}</arg>
<doc>Fails if the given objects are unequal.</doc>
<status status="PASS" starttime="20220827 17:01:44.336" endtime="20220827 17:01:44.336"/>
</kw>
<status status="PASS" starttime="20220827 17:01:44.309" endtime="20220827 17:01:44.336"/>
</kw>
<status status="PASS" starttime="20220827 17:01:43.613" endtime="20220827 17:01:44.336"/>
</kw>
<kw name="ตรวจสอบการคำนวณ ชุดที่ 9">
<arg>2</arg>
<arg>Divide</arg>
<arg>3</arg>
<arg>${EMPTY}</arg>
<kw name="เลือกชุดที่ 9 ในการทดสอบ" sourcename="เลือกชุดที่ ${build} ในการทดสอบ">
<kw name="Scroll Element Into View" library="SeleniumLibrary">
<arg>id=clearButton</arg>
<doc>Scrolls the element identified by ``locator`` into view.</doc>
<status status="PASS" starttime="20220827 17:01:44.338" endtime="20220827 17:01:44.610"/>
</kw>
<kw name="Click Element" library="SeleniumLibrary">
<arg>id=selectBuild</arg>
<doc>Click the element identified by ``locator``.</doc>
<msg timestamp="20220827 17:01:44.611" level="INFO">Clicking element 'id=selectBuild'.</msg>
<status status="PASS" starttime="20220827 17:01:44.610" endtime="20220827 17:01:44.649"/>
</kw>
<kw name="Select From List By Value" library="SeleniumLibrary">
<arg>id=selectBuild</arg>
<arg>${build}</arg>
<doc>Selects options from selection list ``locator`` by ``values``.</doc>
<msg timestamp="20220827 17:01:44.650" level="INFO">Selecting options from selection list 'id=selectBuild' by value 9.</msg>
<status status="PASS" starttime="20220827 17:01:44.649" endtime="20220827 17:01:44.675"/>
</kw>
<status status="PASS" starttime="20220827 17:01:44.338" endtime="20220827 17:01:44.675"/>
</kw>
<kw name="กรอก First number">
<arg>${Input_1}</arg>
<kw name="Input Text" library="SeleniumLibrary">
<arg>name=number1</arg>
<arg>text=${Input}</arg>
<doc>Types the given ``text`` into the text field identified by ``locator``.</doc>
<msg timestamp="20220827 17:01:44.676" level="INFO">Typing text '2' into text field 'name=number1'.</msg>
<status status="PASS" starttime="20220827 17:01:44.676" endtime="20220827 17:01:44.966"/>
</kw>
<status status="PASS" starttime="20220827 17:01:44.675" endtime="20220827 17:01:44.966"/>
</kw>
<kw name="เลือก Operation">
<arg>${select_operation}</arg>
<kw name="Select From List By Label" library="SeleniumLibrary">
<arg>id=selectOperationDropdown</arg>
<arg>${Operation}</arg>
<doc>Selects options from selection list ``locator`` by ``labels``.</doc>
<msg timestamp="20220827 17:01:44.966" level="INFO">Selecting options from selection list 'id=selectOperationDropdown' by label Divide.</msg>
<status status="PASS" starttime="20220827 17:01:44.966" endtime="20220827 17:01:44.997"/>
</kw>
<status status="PASS" starttime="20220827 17:01:44.966" endtime="20220827 17:01:44.998"/>
</kw>
<kw name="ตรวจสอบปุ่ม calculateButton">
<kw name="Element Should Not Be Visible" library="SeleniumLibrary">
<arg>id=calculateButton</arg>
<doc>Verifies that the element identified by ``locator`` is NOT visible.</doc>
<msg timestamp="20220827 17:01:45.008" level="INFO">Element 'id=calculateButton' exists but is not displayed.</msg>
<status status="PASS" starttime="20220827 17:01:44.998" endtime="20220827 17:01:45.008"/>
</kw>
<status status="PASS" starttime="20220827 17:01:44.998" endtime="20220827 17:01:45.008"/>
</kw>
<kw name="ตรวจสอบผลลัพธ์">
<arg>${expected_result}</arg>
<kw name="Wait Until Element Is Visible" library="SeleniumLibrary">
<arg>id=numberAnswerField</arg>
<arg>timeout=10s</arg>
<doc>Waits until the element ``locator`` is visible.</doc>
<status status="PASS" starttime="20220827 17:01:45.009" endtime="20220827 17:01:45.021"/>
</kw>
<kw name="Get Value" library="SeleniumLibrary">
<var>${result}</var>
<arg>id=numberAnswerField</arg>
<doc>Returns the value attribute of the element identified by ``locator``.</doc>
<msg timestamp="20220827 17:01:45.032" level="INFO">${result} = </msg>
<status status="PASS" starttime="20220827 17:01:45.021" endtime="20220827 17:01:45.032"/>
</kw>
<kw name="Should Be Equal" library="BuiltIn">
<arg>${result}</arg>
<arg>${expected}</arg>
<doc>Fails if the given objects are unequal.</doc>
<status status="PASS" starttime="20220827 17:01:45.032" endtime="20220827 17:01:45.032"/>
</kw>
<status status="PASS" starttime="20220827 17:01:45.008" endtime="20220827 17:01:45.032"/>
</kw>
<status status="PASS" starttime="20220827 17:01:44.337" endtime="20220827 17:01:45.032"/>
</kw>
<kw name="ตรวจสอบการคำนวณ ชุดที่ 9">
<arg>2</arg>
<arg>Concatenate</arg>
<arg>3</arg>
<arg>${EMPTY}</arg>
<kw name="เลือกชุดที่ 9 ในการทดสอบ" sourcename="เลือกชุดที่ ${build} ในการทดสอบ">
<kw name="Scroll Element Into View" library="SeleniumLibrary">
<arg>id=clearButton</arg>
<doc>Scrolls the element identified by ``locator`` into view.</doc>
<status status="PASS" starttime="20220827 17:01:45.034" endtime="20220827 17:01:45.299"/>
</kw>
<kw name="Click Element" library="SeleniumLibrary">
<arg>id=selectBuild</arg>
<doc>Click the element identified by ``locator``.</doc>
<msg timestamp="20220827 17:01:45.299" level="INFO">Clicking element 'id=selectBuild'.</msg>
<status status="PASS" starttime="20220827 17:01:45.299" endtime="20220827 17:01:45.335"/>
</kw>
<kw name="Select From List By Value" library="SeleniumLibrary">
<arg>id=selectBuild</arg>
<arg>${build}</arg>
<doc>Selects options from selection list ``locator`` by ``values``.</doc>
<msg timestamp="20220827 17:01:45.336" level="INFO">Selecting options from selection list 'id=selectBuild' by value 9.</msg>
<status status="PASS" starttime="20220827 17:01:45.335" endtime="20220827 17:01:45.358"/>
</kw>
<status status="PASS" starttime="20220827 17:01:45.033" endtime="20220827 17:01:45.358"/>
</kw>
<kw name="กรอก First number">
<arg>${Input_1}</arg>
<kw name="Input Text" library="SeleniumLibrary">
<arg>name=number1</arg>
<arg>text=${Input}</arg>
<doc>Types the given ``text`` into the text field identified by ``locator``.</doc>
<msg timestamp="20220827 17:01:45.358" level="INFO">Typing text '2' into text field 'name=number1'.</msg>
<status status="PASS" starttime="20220827 17:01:45.358" endtime="20220827 17:01:45.647"/>
</kw>
<status status="PASS" starttime="20220827 17:01:45.358" endtime="20220827 17:01:45.647"/>
</kw>
<kw name="เลือก Operation">
<arg>${select_operation}</arg>
<kw name="Select From List By Label" library="SeleniumLibrary">
<arg>id=selectOperationDropdown</arg>
<arg>${Operation}</arg>
<doc>Selects options from selection list ``locator`` by ``labels``.</doc>
<msg timestamp="20220827 17:01:45.648" level="INFO">Selecting options from selection list 'id=selectOperationDropdown' by label Concatenate.</msg>
<status status="PASS" starttime="20220827 17:01:45.648" endtime="20220827 17:01:45.679"/>
</kw>
<status status="PASS" starttime="20220827 17:01:45.647" endtime="20220827 17:01:45.679"/>
</kw>
<kw name="ตรวจสอบปุ่ม calculateButton">
<kw name="Element Should Not Be Visible" library="SeleniumLibrary">
<arg>id=calculateButton</arg>
<doc>Verifies that the element identified by ``locator`` is NOT visible.</doc>
<msg timestamp="20220827 17:01:45.702" level="INFO">Element 'id=calculateButton' exists but is not displayed.</msg>
<status status="PASS" starttime="20220827 17:01:45.680" endtime="20220827 17:01:45.702"/>
</kw>
<status status="PASS" starttime="20220827 17:01:45.680" endtime="20220827 17:01:45.702"/>
</kw>
<kw name="ตรวจสอบผลลัพธ์">
<arg>${expected_result}</arg>
<kw name="Wait Until Element Is Visible" library="SeleniumLibrary">
<arg>id=numberAnswerField</arg>
<arg>timeout=10s</arg>
<doc>Waits until the element ``locator`` is visible.</doc>
<status status="PASS" starttime="20220827 17:01:45.703" endtime="20220827 17:01:45.714"/>
</kw>
<kw name="Get Value" library="SeleniumLibrary">
<var>${result}</var>
<arg>id=numberAnswerField</arg>
<doc>Returns the value attribute of the element identified by ``locator``.</doc>
<msg timestamp="20220827 17:01:45.724" level="INFO">${result} = </msg>
<status status="PASS" starttime="20220827 17:01:45.714" endtime="20220827 17:01:45.724"/>
</kw>
<kw name="Should Be Equal" library="BuiltIn">
<arg>${result}</arg>
<arg>${expected}</arg>
<doc>Fails if the given objects are unequal.</doc>
<status status="PASS" starttime="20220827 17:01:45.724" endtime="20220827 17:01:45.724"/>
</kw>
<status status="PASS" starttime="20220827 17:01:45.702" endtime="20220827 17:01:45.724"/>
</kw>
<status status="PASS" starttime="20220827 17:01:45.032" endtime="20220827 17:01:45.724"/>
</kw>
<kw name="กดปุ่ม Clear" type="TEARDOWN">
<kw name="Click Element" library="SeleniumLibrary">
<arg>id=clearButton</arg>
<doc>Click the element identified by ``locator``.</doc>
<msg timestamp="20220827 17:01:45.725" level="INFO">Clicking element 'id=clearButton'.</msg>
<status status="PASS" starttime="20220827 17:01:45.725" endtime="20220827 17:01:45.751"/>
</kw>
<kw name="Get Value" library="SeleniumLibrary">
<var>${result}</var>
<arg>id=numberAnswerField</arg>
<doc>Returns the value attribute of the element identified by ``locator``.</doc>
<msg timestamp="20220827 17:01:45.763" level="INFO">${result} = </msg>
<status status="PASS" starttime="20220827 17:01:45.752" endtime="20220827 17:01:45.763"/>
</kw>
<kw name="Log" library="BuiltIn">
<arg>${result}</arg>
<doc>Logs the given message with the given level.</doc>
<msg timestamp="20220827 17:01:45.763" level="INFO"/>
<status status="PASS" starttime="20220827 17:01:45.763" endtime="20220827 17:01:45.763"/>
</kw>
<kw name="Log" library="BuiltIn">
<arg>${EMPTY}</arg>
<doc>Logs the given message with the given level.</doc>
<msg timestamp="20220827 17:01:45.764" level="INFO"/>
<status status="PASS" starttime="20220827 17:01:45.763" endtime="20220827 17:01:45.764"/>
</kw>
<kw name="Run Keyword If" library="BuiltIn">
<arg>'${result}' != '${EMPTY}'</arg>
<arg>Clear Element Text</arg>
<arg>Else</arg>
<arg>Log to console</arg>
<arg>Clear</arg>
<doc>Runs the given keyword with the given arguments, if ``condition`` is true.</doc>
<status status="PASS" starttime="20220827 17:01:45.764" endtime="20220827 17:01:45.764"/>
</kw>
<status status="PASS" starttime="20220827 17:01:45.725" endtime="20220827 17:01:45.765"/>
</kw>
<status status="PASS" starttime="20220827 17:01:42.621" endtime="20220827 17:01:45.765"/>
</test>
<kw name="ปิดเว็บ" type="TEARDOWN">
<kw name="Close Browser" library="SeleniumLibrary">
<doc>Closes the current browser.</doc>
<status status="PASS" starttime="20220827 17:01:45.766" endtime="20220827 17:01:46.112"/>
</kw>
<status status="PASS" starttime="20220827 17:01:45.766" endtime="20220827 17:01:46.112"/>
</kw>
<status status="PASS" starttime="20220827 17:00:15.107" endtime="20220827 17:01:46.112"/>
</suite>
<statistics>
<total>
<stat pass="12" fail="0" skip="0">All Tests</stat>
</total>
<tag>
</tag>
<suite>
<stat pass="12" fail="0" skip="0" id="s1" name="Calculator Test">Calculator Test</stat>
</suite>
</statistics>
<errors>
</errors>
</robot>
