<?xml version="1.0" encoding="UTF-8"?>
<robot generator="Robot 5.0.1 (Python 3.10.6 on win32)" generated="20220910 19:15:57.539" rpa="false" schemaversion="3">
<suite id="s1" name="Google9" source="D:\full-stack\Robot-framwork\Robot-framwork\robot-framwork-paun\workshop\tests\tests\google9.robot">
<kw name="เปิดเวบบราวเซอร์" type="SETUP">
<kw name="Open Browser" library="SeleniumLibrary">
<arg>url=${url_login}</arg>
<arg>browser=${tool_browser}</arg>
<doc>Opens a new browser instance to the optional ``url``.</doc>
<msg timestamp="20220910 19:15:58.418" level="INFO">Opening browser 'chrome' to base url 'http://the-internet.herokuapp.com/login'.</msg>
<status status="PASS" starttime="20220910 19:15:58.416" endtime="20220910 19:16:04.526"/>
</kw>
<status status="PASS" starttime="20220910 19:15:58.414" endtime="20220910 19:16:04.526"/>
</kw>
<test id="s1-t1" name="TC-01 กรอก username และ password ถูกต้อง" line="30">
<kw name="When กรอก username">
<arg>${username_true}</arg>
<kw name="Input Text" library="SeleniumLibrary">
<arg>id=username</arg>
<arg>text=${username}</arg>
<doc>Types the given ``text`` into the text field identified by ``locator``.</doc>
<msg timestamp="20220910 19:16:04.535" level="INFO">Typing text 'tomsmith' into text field 'id=username'.</msg>
<status status="PASS" starttime="20220910 19:16:04.534" endtime="20220910 19:16:04.740"/>
</kw>
<status status="PASS" starttime="20220910 19:16:04.532" endtime="20220910 19:16:04.740"/>
</kw>
<kw name="And กรอก password">
<arg>${password_true}</arg>
<kw name="Input Text" library="SeleniumLibrary">
<arg>id=password</arg>
<arg>text=${password}</arg>
<doc>Types the given ``text`` into the text field identified by ``locator``.</doc>
<msg timestamp="20220910 19:16:04.743" level="INFO">Typing text 'SuperSecretPassword!' into text field 'id=password'.</msg>
<status status="PASS" starttime="20220910 19:16:04.743" endtime="20220910 19:16:05.064"/>
</kw>
<kw name="Input Text" library="SeleniumLibrary">
<arg>id=password</arg>
<arg>text=${password}</arg>
<doc>Types the given ``text`` into the text field identified by ``locator``.</doc>
<msg timestamp="20220910 19:16:05.065" level="INFO">Typing text 'SuperSecretPassword!' into text field 'id=password'.</msg>
<status status="PASS" starttime="20220910 19:16:05.064" endtime="20220910 19:16:05.207"/>
</kw>
<status status="PASS" starttime="20220910 19:16:04.742" endtime="20220910 19:16:05.207"/>
</kw>
<kw name="And กดปุ่ม Login">
<kw name="Click Button" library="SeleniumLibrary">
<arg>xpath=//button</arg>
<doc>Clicks the button identified by ``locator``.</doc>
<msg timestamp="20220910 19:16:05.210" level="INFO">Clicking button 'xpath=//button'.</msg>
<status status="PASS" starttime="20220910 19:16:05.209" endtime="20220910 19:16:06.166"/>
</kw>
<status status="PASS" starttime="20220910 19:16:05.209" endtime="20220910 19:16:06.166"/>
</kw>
<kw name="Then ตรวจสอบคำค้นหา">
<arg>${expected_page_title_success}</arg>
<kw name="Page Should Contain" library="SeleniumLibrary">
<arg>${expected_page_title}</arg>
<doc>Verifies that current page contains ``text``.</doc>
<msg timestamp="20220910 19:16:06.225" level="INFO">Current page contains text 'Secure Area'.</msg>
<status status="PASS" starttime="20220910 19:16:06.169" endtime="20220910 19:16:06.225"/>
</kw>
<status status="PASS" starttime="20220910 19:16:06.168" endtime="20220910 19:16:06.225"/>
</kw>
<status status="PASS" starttime="20220910 19:16:04.527" endtime="20220910 19:16:06.226"/>
</test>
<test id="s1-t2" name="TC-02 กรอก username ไม่ถูกต้อง และ password ไม่ถูกต้อง" line="41">
<kw name="กลับไปหน้าก่อนหน้า" type="SETUP">
<kw name="Go Back" library="SeleniumLibrary">
<doc>Simulates the user clicking the back button on their browser.</doc>
<status status="PASS" starttime="20220910 19:16:06.236" endtime="20220910 19:16:06.313"/>
</kw>
<status status="PASS" starttime="20220910 19:16:06.234" endtime="20220910 19:16:06.314"/>
</kw>
<kw name="When กรอก username">
<arg>${username_false}</arg>
<kw name="Input Text" library="SeleniumLibrary">
<arg>id=username</arg>
<arg>text=${username}</arg>
<doc>Types the given ``text`` into the text field identified by ``locator``.</doc>
<msg timestamp="20220910 19:16:06.317" level="INFO">Typing text 'tomsmith_f' into text field 'id=username'.</msg>
<status status="PASS" starttime="20220910 19:16:06.316" endtime="20220910 19:16:06.510"/>
</kw>
<status status="PASS" starttime="20220910 19:16:06.315" endtime="20220910 19:16:06.511"/>
</kw>
<kw name="And กรอก password">
<arg>${password_false}</arg>
<kw name="Input Text" library="SeleniumLibrary">
<arg>id=password</arg>
<arg>text=${password}</arg>
<doc>Types the given ``text`` into the text field identified by ``locator``.</doc>
<msg timestamp="20220910 19:16:06.518" level="INFO">Typing text 'SuperSecretPassword!_f' into text field 'id=password'.</msg>
<status status="PASS" starttime="20220910 19:16:06.516" endtime="20220910 19:16:06.700"/>
</kw>
<kw name="Input Text" library="SeleniumLibrary">
<arg>id=password</arg>
<arg>text=${password}</arg>
<doc>Types the given ``text`` into the text field identified by ``locator``.</doc>
<msg timestamp="20220910 19:16:06.701" level="INFO">Typing text 'SuperSecretPassword!_f' into text field 'id=password'.</msg>
<status status="PASS" starttime="20220910 19:16:06.701" endtime="20220910 19:16:06.825"/>
</kw>
<status status="PASS" starttime="20220910 19:16:06.514" endtime="20220910 19:16:06.825"/>
</kw>
<kw name="And กดปุ่ม Login">
<kw name="Click Button" library="SeleniumLibrary">
<arg>xpath=//button</arg>
<doc>Clicks the button identified by ``locator``.</doc>
<msg timestamp="20220910 19:16:06.826" level="INFO">Clicking button 'xpath=//button'.</msg>
<status status="PASS" starttime="20220910 19:16:06.826" endtime="20220910 19:16:07.638"/>
</kw>
<status status="PASS" starttime="20220910 19:16:06.825" endtime="20220910 19:16:07.638"/>
</kw>
<kw name="Then ตรวจสอบคำค้นหา">
<arg>Your username is invalid!</arg>
<kw name="Page Should Contain" library="SeleniumLibrary">
<arg>${expected_page_title}</arg>
<doc>Verifies that current page contains ``text``.</doc>
<msg timestamp="20220910 19:16:07.719" level="INFO">Current page contains text 'Your username is invalid!'.</msg>
<status status="PASS" starttime="20220910 19:16:07.639" endtime="20220910 19:16:07.719"/>
</kw>
<status status="PASS" starttime="20220910 19:16:07.639" endtime="20220910 19:16:07.720"/>
</kw>
<status status="PASS" starttime="20220910 19:16:06.228" endtime="20220910 19:16:07.724"/>
</test>
<test id="s1-t3" name="TC-03 กรอก username ถูกต้อง password ไม่ถูกต้อง" line="51">
<kw name="กลับไปหน้าก่อนหน้า" type="SETUP">
<kw name="Go Back" library="SeleniumLibrary">
<doc>Simulates the user clicking the back button on their browser.</doc>
<status status="PASS" starttime="20220910 19:16:07.734" endtime="20220910 19:16:07.907"/>
</kw>
<status status="PASS" starttime="20220910 19:16:07.733" endtime="20220910 19:16:07.907"/>
</kw>
<kw name="When กรอก username">
<arg>${username_true}</arg>
<kw name="Input Text" library="SeleniumLibrary">
<arg>id=username</arg>
<arg>text=${username}</arg>
<doc>Types the given ``text`` into the text field identified by ``locator``.</doc>
<msg timestamp="20220910 19:16:07.910" level="INFO">Typing text 'tomsmith' into text field 'id=username'.</msg>
<status status="PASS" starttime="20220910 19:16:07.909" endtime="20220910 19:16:08.054"/>
</kw>
<status status="PASS" starttime="20220910 19:16:07.908" endtime="20220910 19:16:08.054"/>
</kw>
<kw name="And กรอก password">
<arg>${password_false}</arg>
<kw name="Input Text" library="SeleniumLibrary">
<arg>id=password</arg>
<arg>text=${password}</arg>
<doc>Types the given ``text`` into the text field identified by ``locator``.</doc>
<msg timestamp="20220910 19:16:08.057" level="INFO">Typing text 'SuperSecretPassword!_f' into text field 'id=password'.</msg>
<status status="PASS" starttime="20220910 19:16:08.056" endtime="20220910 19:16:08.236"/>
</kw>
<kw name="Input Text" library="SeleniumLibrary">
<arg>id=password</arg>
<arg>text=${password}</arg>
<doc>Types the given ``text`` into the text field identified by ``locator``.</doc>
<msg timestamp="20220910 19:16:08.237" level="INFO">Typing text 'SuperSecretPassword!_f' into text field 'id=password'.</msg>
<status status="PASS" starttime="20220910 19:16:08.236" endtime="20220910 19:16:08.376"/>
</kw>
<status status="PASS" starttime="20220910 19:16:08.055" endtime="20220910 19:16:08.376"/>
</kw>
<kw name="And กดปุ่ม Login">
<kw name="Click Button" library="SeleniumLibrary">
<arg>xpath=//button</arg>
<doc>Clicks the button identified by ``locator``.</doc>
<msg timestamp="20220910 19:16:08.378" level="INFO">Clicking button 'xpath=//button'.</msg>
<status status="PASS" starttime="20220910 19:16:08.377" endtime="20220910 19:16:09.207"/>
</kw>
<status status="PASS" starttime="20220910 19:16:08.377" endtime="20220910 19:16:09.208"/>
</kw>
<kw name="Then ตรวจสอบคำค้นหา">
<arg>Your password is invalid!</arg>
<kw name="Page Should Contain" library="SeleniumLibrary">
<arg>${expected_page_title}</arg>
<doc>Verifies that current page contains ``text``.</doc>
<msg timestamp="20220910 19:16:09.253" level="INFO">Current page contains text 'Your password is invalid!'.</msg>
<status status="PASS" starttime="20220910 19:16:09.209" endtime="20220910 19:16:09.253"/>
</kw>
<status status="PASS" starttime="20220910 19:16:09.209" endtime="20220910 19:16:09.253"/>
</kw>
<status status="PASS" starttime="20220910 19:16:07.727" endtime="20220910 19:16:09.254"/>
</test>
<test id="s1-t4" name="TC-04 กรอก username ไม่ถูกต้อง password ไม่ถูกต้อง" line="61">
<kw name="กลับไปหน้าก่อนหน้า" type="SETUP">
<kw name="Go Back" library="SeleniumLibrary">
<doc>Simulates the user clicking the back button on their browser.</doc>
<status status="PASS" starttime="20220910 19:16:09.262" endtime="20220910 19:16:09.428"/>
</kw>
<status status="PASS" starttime="20220910 19:16:09.261" endtime="20220910 19:16:09.429"/>
</kw>
<kw name="When กรอก username">
<arg>${username_false}</arg>
<kw name="Input Text" library="SeleniumLibrary">
<arg>id=username</arg>
<arg>text=${username}</arg>
<doc>Types the given ``text`` into the text field identified by ``locator``.</doc>
<msg timestamp="20220910 19:16:09.434" level="INFO">Typing text 'tomsmith_f' into text field 'id=username'.</msg>
<status status="PASS" starttime="20220910 19:16:09.432" endtime="20220910 19:16:09.593"/>
</kw>
<status status="PASS" starttime="20220910 19:16:09.431" endtime="20220910 19:16:09.593"/>
</kw>
<kw name="And กรอก password">
<arg>${password_false}</arg>
<kw name="Input Text" library="SeleniumLibrary">
<arg>id=password</arg>
<arg>text=${password}</arg>
<doc>Types the given ``text`` into the text field identified by ``locator``.</doc>
<msg timestamp="20220910 19:16:09.596" level="INFO">Typing text 'SuperSecretPassword!_f' into text field 'id=password'.</msg>
<status status="PASS" starttime="20220910 19:16:09.595" endtime="20220910 19:16:09.781"/>
</kw>
<kw name="Input Text" library="SeleniumLibrary">
<arg>id=password</arg>
<arg>text=${password}</arg>
<doc>Types the given ``text`` into the text field identified by ``locator``.</doc>
<msg timestamp="20220910 19:16:09.783" level="INFO">Typing text 'SuperSecretPassword!_f' into text field 'id=password'.</msg>
<status status="PASS" starttime="20220910 19:16:09.782" endtime="20220910 19:16:09.955"/>
</kw>
<status status="PASS" starttime="20220910 19:16:09.594" endtime="20220910 19:16:09.956"/>
</kw>
<kw name="And กดปุ่ม Login">
<kw name="Click Button" library="SeleniumLibrary">
<arg>xpath=//button</arg>
<doc>Clicks the button identified by ``locator``.</doc>
<msg timestamp="20220910 19:16:09.958" level="INFO">Clicking button 'xpath=//button'.</msg>
<status status="PASS" starttime="20220910 19:16:09.958" endtime="20220910 19:16:10.838"/>
</kw>
<status status="PASS" starttime="20220910 19:16:09.957" endtime="20220910 19:16:10.838"/>
</kw>
<kw name="Then ตรวจสอบคำค้นหา">
<arg>Your username is invalid!</arg>
<kw name="Page Should Contain" library="SeleniumLibrary">
<arg>${expected_page_title}</arg>
<doc>Verifies that current page contains ``text``.</doc>
<msg timestamp="20220910 19:16:10.870" level="INFO">Current page contains text 'Your username is invalid!'.</msg>
<status status="PASS" starttime="20220910 19:16:10.841" endtime="20220910 19:16:10.870"/>
</kw>
<status status="PASS" starttime="20220910 19:16:10.841" endtime="20220910 19:16:10.870"/>
</kw>
<status status="PASS" starttime="20220910 19:16:09.257" endtime="20220910 19:16:10.872"/>
</test>
<kw name="ปิดหน้าเวบ" type="TEARDOWN">
<kw name="Close Browser" library="SeleniumLibrary">
<doc>Closes the current browser.</doc>
<status status="PASS" starttime="20220910 19:16:10.876" endtime="20220910 19:16:16.036"/>
</kw>
<status status="PASS" starttime="20220910 19:16:10.876" endtime="20220910 19:16:16.037"/>
</kw>
<status status="PASS" starttime="20220910 19:15:57.543" endtime="20220910 19:16:16.037"/>
</suite>
<statistics>
<total>
<stat pass="4" fail="0" skip="0">All Tests</stat>
</total>
<tag>
</tag>
<suite>
<stat pass="4" fail="0" skip="0" id="s1" name="Google9">Google9</stat>
</suite>
</statistics>
<errors>
</errors>
</robot>
