<?xml version="1.0" encoding="UTF-8"?>
<robot generator="Robot 5.0.1 (Python 3.10.6 on win32)" generated="20221003 09:58:22.477" rpa="false" schemaversion="3">
<suite id="s1" name="Google2" source="D:\full-stack\Robot-framwork\Robot-framwork\robot-framwork-paun\RobotTraining_20220910_Big\tests\google2.robot">
<test id="s1-t1" name="TC_001 - ค้นหาข้อมูล ด้วย Robot framework" line="6">
<kw name="Given เปิดหน้าเว็บ Google">
<kw name="Open Browser" library="SeleniumLibrary">
<arg>browser=chrome</arg>
<arg>url=https://www.google.com/</arg>
<doc>Opens a new browser instance to the optional ``url``.</doc>
<msg timestamp="20221003 09:58:22.860" level="INFO">Opening browser 'chrome' to base url 'https://www.google.com/'.</msg>
<status status="PASS" starttime="20221003 09:58:22.859" endtime="20221003 09:58:30.063"/>
</kw>
<status status="PASS" starttime="20221003 09:58:22.858" endtime="20221003 09:58:30.064"/>
</kw>
<kw name="When กรอกคำค้นหา Robot framework">
<kw name="Input Text" library="SeleniumLibrary">
<arg>name=q</arg>
<arg>text=Robot framework</arg>
<doc>Types the given ``text`` into the text field identified by ``locator``.</doc>
<msg timestamp="20221003 09:58:30.066" level="INFO">Typing text 'Robot framework' into text field 'name=q'.</msg>
<status status="PASS" starttime="20221003 09:58:30.065" endtime="20221003 09:58:30.264"/>
</kw>
<status status="PASS" starttime="20221003 09:58:30.065" endtime="20221003 09:58:30.264"/>
</kw>
<kw name="And กดปุ่มค้นหา">
<kw name="Wait Until Element Is Visible" library="SeleniumLibrary">
<arg>name=btnK</arg>
<arg>timeout=10s</arg>
<doc>Waits until the element ``locator`` is visible.</doc>
<status status="PASS" starttime="20221003 09:58:30.266" endtime="20221003 09:58:30.534"/>
</kw>
<kw name="Wait Until Element Is Enabled" library="SeleniumLibrary">
<arg>name=btnK</arg>
<arg>timeout=10s</arg>
<doc>Waits until the element ``locator`` is enabled.</doc>
<status status="PASS" starttime="20221003 09:58:30.535" endtime="20221003 09:58:30.562"/>
</kw>
<kw name="Click Element" library="SeleniumLibrary">
<arg>name=btnK</arg>
<doc>Click the element identified by ``locator``.</doc>
<msg timestamp="20221003 09:58:30.562" level="INFO">Clicking element 'name=btnK'.</msg>
<status status="PASS" starttime="20221003 09:58:30.562" endtime="20221003 09:58:32.722"/>
</kw>
<status status="PASS" starttime="20221003 09:58:30.266" endtime="20221003 09:58:32.722"/>
</kw>
<kw name="Then ตรวจสอบข้อมูลคำค้นหา Robot framework">
<kw name="Page Should Contain" library="SeleniumLibrary">
<arg>Robot framework</arg>
<doc>Verifies that current page contains ``text``.</doc>
<msg timestamp="20221003 09:58:32.763" level="INFO">Current page contains text 'Robot framework'.</msg>
<status status="PASS" starttime="20221003 09:58:32.724" endtime="20221003 09:58:32.763"/>
</kw>
<status status="PASS" starttime="20221003 09:58:32.723" endtime="20221003 09:58:32.764"/>
</kw>
<kw name="And ปิดหน้าเว็บ">
<kw name="Close Browser" library="SeleniumLibrary">
<doc>Closes the current browser.</doc>
<status status="PASS" starttime="20221003 09:58:32.765" endtime="20221003 09:58:35.476"/>
</kw>
<status status="PASS" starttime="20221003 09:58:32.764" endtime="20221003 09:58:35.476"/>
</kw>
<tag>all</tag>
<tag>critical</tag>
<status status="PASS" starttime="20221003 09:58:22.857" endtime="20221003 09:58:35.477"/>
</test>
<test id="s1-t2" name="TC_002 - ค้นหาข้อมูล ด้วย Selenium Library" line="14">
<kw name="Given เปิดหน้าเว็บ Google">
<kw name="Open Browser" library="SeleniumLibrary">
<arg>browser=chrome</arg>
<arg>url=https://www.google.com/</arg>
<doc>Opens a new browser instance to the optional ``url``.</doc>
<msg timestamp="20221003 09:58:35.484" level="INFO">Opening browser 'chrome' to base url 'https://www.google.com/'.</msg>
<status status="PASS" starttime="20221003 09:58:35.483" endtime="20221003 09:58:44.457"/>
</kw>
<status status="PASS" starttime="20221003 09:58:35.483" endtime="20221003 09:58:44.458"/>
</kw>
<kw name="When กรอกคำค้นหา Selenium Library">
<kw name="Input Text" library="SeleniumLibrary">
<arg>name=q</arg>
<arg>text=Selenium Library</arg>
<doc>Types the given ``text`` into the text field identified by ``locator``.</doc>
<msg timestamp="20221003 09:58:44.460" level="INFO">Typing text 'Selenium Library' into text field 'name=q'.</msg>
<status status="PASS" starttime="20221003 09:58:44.459" endtime="20221003 09:58:44.661"/>
</kw>
<status status="PASS" starttime="20221003 09:58:44.459" endtime="20221003 09:58:44.662"/>
</kw>
<kw name="And กดปุ่มค้นหา">
<kw name="Wait Until Element Is Visible" library="SeleniumLibrary">
<arg>name=btnK</arg>
<arg>timeout=10s</arg>
<doc>Waits until the element ``locator`` is visible.</doc>
<status status="PASS" starttime="20221003 09:58:44.664" endtime="20221003 09:58:44.937"/>
</kw>
<kw name="Wait Until Element Is Enabled" library="SeleniumLibrary">
<arg>name=btnK</arg>
<arg>timeout=10s</arg>
<doc>Waits until the element ``locator`` is enabled.</doc>
<status status="PASS" starttime="20221003 09:58:44.937" endtime="20221003 09:58:44.974"/>
</kw>
<kw name="Click Element" library="SeleniumLibrary">
<arg>name=btnK</arg>
<doc>Click the element identified by ``locator``.</doc>
<msg timestamp="20221003 09:58:44.974" level="INFO">Clicking element 'name=btnK'.</msg>
<status status="PASS" starttime="20221003 09:58:44.974" endtime="20221003 09:58:47.158"/>
</kw>
<status status="PASS" starttime="20221003 09:58:44.663" endtime="20221003 09:58:47.158"/>
</kw>
<kw name="Then ตรวจสอบข้อมูลคำค้นหา Selenium Library">
<kw name="Page Should Contain" library="SeleniumLibrary">
<arg>Selenium Library</arg>
<doc>Verifies that current page contains ``text``.</doc>
<msg timestamp="20221003 09:58:47.184" level="INFO">Current page contains text 'Selenium Library'.</msg>
<status status="PASS" starttime="20221003 09:58:47.159" endtime="20221003 09:58:47.184"/>
</kw>
<status status="PASS" starttime="20221003 09:58:47.159" endtime="20221003 09:58:47.185"/>
</kw>
<kw name="And ปิดหน้าเว็บ">
<kw name="Close Browser" library="SeleniumLibrary">
<doc>Closes the current browser.</doc>
<status status="PASS" starttime="20221003 09:58:47.187" endtime="20221003 09:58:49.622"/>
</kw>
<status status="PASS" starttime="20221003 09:58:47.186" endtime="20221003 09:58:49.622"/>
</kw>
<status status="PASS" starttime="20221003 09:58:35.479" endtime="20221003 09:58:49.623"/>
</test>
<status status="PASS" starttime="20221003 09:58:22.479" endtime="20221003 09:58:49.625"/>
</suite>
<statistics>
<total>
<stat pass="2" fail="0" skip="0">All Tests</stat>
</total>
<tag>
<stat pass="1" fail="0" skip="0">all</stat>
<stat pass="1" fail="0" skip="0">critical</stat>
</tag>
<suite>
<stat pass="2" fail="0" skip="0" id="s1" name="Google2">Google2</stat>
</suite>
</statistics>
<errors>
</errors>
</robot>
